{"/home/travis/build/npmtest/node-npmtest-canvas/test.js":{"path":"/home/travis/build/npmtest/node-npmtest-canvas/test.js","s":{"1":2,"2":2,"3":2,"4":2,"5":2,"6":2,"7":2,"8":1,"9":2,"10":2,"11":1,"12":1,"13":1,"14":1,"15":2,"16":2,"17":2,"18":2,"19":1,"20":1,"21":2,"22":2,"23":2,"24":1,"25":1,"26":1,"27":1,"28":1,"29":1,"30":1,"31":1,"32":1,"33":1,"34":1,"35":1,"36":1,"37":1,"38":1,"39":2,"40":2,"41":1,"42":2,"43":2,"44":1,"45":2,"46":2,"47":1,"48":2,"49":2,"50":1,"51":1,"52":1,"53":1,"54":1},"b":{"1":[2,1,1,1],"2":[1,1,1,1],"3":[1,1],"4":[1,1],"5":[1,1],"6":[1,1],"7":[1,1],"8":[1,1],"9":[1,1],"10":[1,1,1],"11":[1,1],"12":[1,1],"13":[1,1],"14":[1,1],"15":[1,1],"16":[1,1],"17":[1,1]},"f":{"1":2,"2":2,"3":2,"4":2,"5":2,"6":1,"7":1,"8":1,"9":2,"10":2,"11":2,"12":2,"13":1},"fnMap":{"1":{"name":"(anonymous_1)","line":12,"loc":{"start":{"line":12,"column":1},"end":{"line":12,"column":13}}},"2":{"name":"(anonymous_2)","line":19,"loc":{"start":{"line":19,"column":5},"end":{"line":19,"column":17}}},"3":{"name":"(anonymous_3)","line":23,"loc":{"start":{"line":23,"column":24},"end":{"line":23,"column":36}}},"4":{"name":"(anonymous_4)","line":61,"loc":{"start":{"line":61,"column":5},"end":{"line":61,"column":17}}},"5":{"name":"(anonymous_5)","line":82,"loc":{"start":{"line":82,"column":5},"end":{"line":82,"column":17}}},"6":{"name":"(anonymous_6)","line":91,"loc":{"start":{"line":91,"column":77},"end":{"line":94,"column":10}}},"7":{"name":"(anonymous_7)","line":112,"loc":{"start":{"line":112,"column":83},"end":{"line":115,"column":10}},"skip":true},"8":{"name":"(anonymous_8)","line":123,"loc":{"start":{"line":123,"column":77},"end":{"line":126,"column":10}},"skip":true},"9":{"name":"(anonymous_9)","line":139,"loc":{"start":{"line":139,"column":12},"end":{"line":139,"column":40}},"skip":true},"10":{"name":"(anonymous_10)","line":147,"loc":{"start":{"line":147,"column":77},"end":{"line":150,"column":10}},"skip":true},"11":{"name":"(anonymous_11)","line":158,"loc":{"start":{"line":158,"column":83},"end":{"line":161,"column":10}},"skip":true},"12":{"name":"(anonymous_12)","line":169,"loc":{"start":{"line":169,"column":79},"end":{"line":172,"column":10}},"skip":true},"13":{"name":"(anonymous_13)","line":180,"loc":{"start":{"line":180,"column":75},"end":{"line":183,"column":10}},"skip":true}},"statementMap":{"1":{"start":{"line":12,"column":0},"end":{"line":195,"column":5}},"2":{"start":{"line":14,"column":4},"end":{"line":14,"column":14}},"3":{"start":{"line":19,"column":4},"end":{"line":56,"column":9}},"4":{"start":{"line":21,"column":8},"end":{"line":21,"column":19}},"5":{"start":{"line":23,"column":8},"end":{"line":35,"column":13}},"6":{"start":{"line":24,"column":12},"end":{"line":34,"column":13}},"7":{"start":{"line":25,"column":16},"end":{"line":28,"column":30}},"8":{"start":{"line":30,"column":16},"end":{"line":33,"column":27}},"9":{"start":{"line":37,"column":8},"end":{"line":39,"column":21}},"10":{"start":{"line":40,"column":8},"end":{"line":53,"column":9}},"11":{"start":{"line":43,"column":12},"end":{"line":46,"column":14}},"12":{"start":{"line":47,"column":12},"end":{"line":47,"column":18}},"13":{"start":{"line":50,"column":12},"end":{"line":51,"column":33}},"14":{"start":{"line":52,"column":12},"end":{"line":52,"column":18}},"15":{"start":{"line":55,"column":8},"end":{"line":55,"column":35}},"16":{"start":{"line":61,"column":4},"end":{"line":63,"column":9}},"17":{"start":{"line":62,"column":8},"end":{"line":62,"column":15}},"18":{"start":{"line":64,"column":4},"end":{"line":77,"column":5}},"19":{"start":{"line":70,"column":8},"end":{"line":70,"column":14}},"20":{"start":{"line":76,"column":8},"end":{"line":76,"column":14}},"21":{"start":{"line":82,"column":4},"end":{"line":84,"column":9}},"22":{"start":{"line":83,"column":8},"end":{"line":83,"column":15}},"23":{"start":{"line":85,"column":4},"end":{"line":194,"column":5}},"24":{"start":{"line":91,"column":8},"end":{"line":99,"column":10}},"25":{"start":{"line":98,"column":12},"end":{"line":98,"column":35}},"26":{"start":{"line":102,"column":8},"end":{"line":104,"column":63}},"27":{"start":{"line":105,"column":8},"end":{"line":105,"column":14}},"28":{"start":{"line":112,"column":8},"end":{"line":121,"column":10},"skip":true},"29":{"start":{"line":119,"column":12},"end":{"line":119,"column":55},"skip":true},"30":{"start":{"line":120,"column":12},"end":{"line":120,"column":48},"skip":true},"31":{"start":{"line":123,"column":8},"end":{"line":136,"column":10},"skip":true},"32":{"start":{"line":130,"column":12},"end":{"line":130,"column":76},"skip":true},"33":{"start":{"line":131,"column":12},"end":{"line":131,"column":73},"skip":true},"34":{"start":{"line":132,"column":12},"end":{"line":132,"column":74},"skip":true},"35":{"start":{"line":133,"column":12},"end":{"line":133,"column":79},"skip":true},"36":{"start":{"line":134,"column":12},"end":{"line":134,"column":25},"skip":true},"37":{"start":{"line":135,"column":12},"end":{"line":135,"column":45},"skip":true},"38":{"start":{"line":138,"column":8},"end":{"line":145,"column":14},"skip":true},"39":{"start":{"line":143,"column":16},"end":{"line":143,"column":29},"skip":true},"40":{"start":{"line":144,"column":16},"end":{"line":144,"column":55},"skip":true},"41":{"start":{"line":147,"column":8},"end":{"line":156,"column":10},"skip":true},"42":{"start":{"line":154,"column":12},"end":{"line":154,"column":25},"skip":true},"43":{"start":{"line":155,"column":12},"end":{"line":155,"column":45},"skip":true},"44":{"start":{"line":158,"column":8},"end":{"line":167,"column":10},"skip":true},"45":{"start":{"line":165,"column":12},"end":{"line":165,"column":25},"skip":true},"46":{"start":{"line":166,"column":12},"end":{"line":166,"column":48},"skip":true},"47":{"start":{"line":169,"column":8},"end":{"line":178,"column":10},"skip":true},"48":{"start":{"line":176,"column":12},"end":{"line":176,"column":25},"skip":true},"49":{"start":{"line":177,"column":12},"end":{"line":177,"column":46},"skip":true},"50":{"start":{"line":180,"column":8},"end":{"line":189,"column":10},"skip":true},"51":{"start":{"line":187,"column":12},"end":{"line":187,"column":94},"skip":true},"52":{"start":{"line":188,"column":12},"end":{"line":188,"column":48},"skip":true},"53":{"start":{"line":192,"column":8},"end":{"line":192,"column":35},"skip":true},"54":{"start":{"line":193,"column":8},"end":{"line":193,"column":14},"skip":true}},"branchMap":{"1":{"line":25,"type":"binary-expr","locations":[{"start":{"line":25,"column":23},"end":{"line":25,"column":62}},{"start":{"line":26,"column":20},"end":{"line":26,"column":70}},{"start":{"line":27,"column":20},"end":{"line":27,"column":71}},{"start":{"line":28,"column":20},"end":{"line":28,"column":29}}]},"2":{"line":30,"type":"binary-expr","locations":[{"start":{"line":30,"column":23},"end":{"line":30,"column":37}},{"start":{"line":31,"column":20},"end":{"line":31,"column":61}},{"start":{"line":32,"column":20},"end":{"line":32,"column":70}},{"start":{"line":33,"column":20},"end":{"line":33,"column":26}}]},"3":{"line":37,"type":"cond-expr","locations":[{"start":{"line":38,"column":14},"end":{"line":38,"column":20}},{"start":{"line":39,"column":14},"end":{"line":39,"column":20}}]},"4":{"line":40,"type":"switch","locations":[{"start":{"line":42,"column":8},"end":{"line":47,"column":18}},{"start":{"line":49,"column":8},"end":{"line":52,"column":18}}]},"5":{"line":44,"type":"binary-expr","locations":[{"start":{"line":44,"column":16},"end":{"line":44,"column":44}},{"start":{"line":44,"column":48},"end":{"line":44,"column":66}}]},"6":{"line":50,"type":"binary-expr","locations":[{"start":{"line":50,"column":21},"end":{"line":50,"column":49}},{"start":{"line":50,"column":53},"end":{"line":50,"column":72}}]},"7":{"line":64,"type":"switch","locations":[{"start":{"line":69,"column":4},"end":{"line":70,"column":14}},{"start":{"line":75,"column":4},"end":{"line":76,"column":14}}]},"8":{"line":85,"type":"switch","locations":[{"start":{"line":90,"column":4},"end":{"line":105,"column":14}},{"start":{"line":111,"column":4},"end":{"line":193,"column":14},"skip":true}]},"9":{"line":91,"type":"binary-expr","locations":[{"start":{"line":91,"column":42},"end":{"line":91,"column":73}},{"start":{"line":91,"column":77},"end":{"line":99,"column":9}}]},"10":{"line":102,"type":"binary-expr","locations":[{"start":{"line":102,"column":18},"end":{"line":102,"column":32}},{"start":{"line":103,"column":12},"end":{"line":103,"column":53}},{"start":{"line":104,"column":12},"end":{"line":104,"column":61}}]},"11":{"line":112,"type":"binary-expr","locations":[{"start":{"line":112,"column":45},"end":{"line":112,"column":79},"skip":true},{"start":{"line":112,"column":83},"end":{"line":121,"column":9},"skip":true}]},"12":{"line":123,"type":"binary-expr","locations":[{"start":{"line":123,"column":42},"end":{"line":123,"column":73},"skip":true},{"start":{"line":123,"column":77},"end":{"line":136,"column":9},"skip":true}]},"13":{"line":138,"type":"binary-expr","locations":[{"start":{"line":138,"column":48},"end":{"line":138,"column":85},"skip":true},{"start":{"line":139,"column":12},"end":{"line":145,"column":13},"skip":true}]},"14":{"line":147,"type":"binary-expr","locations":[{"start":{"line":147,"column":42},"end":{"line":147,"column":73},"skip":true},{"start":{"line":147,"column":77},"end":{"line":156,"column":9},"skip":true}]},"15":{"line":158,"type":"binary-expr","locations":[{"start":{"line":158,"column":45},"end":{"line":158,"column":79},"skip":true},{"start":{"line":158,"column":83},"end":{"line":167,"column":9},"skip":true}]},"16":{"line":169,"type":"binary-expr","locations":[{"start":{"line":169,"column":43},"end":{"line":169,"column":75},"skip":true},{"start":{"line":169,"column":79},"end":{"line":178,"column":9},"skip":true}]},"17":{"line":180,"type":"binary-expr","locations":[{"start":{"line":180,"column":41},"end":{"line":180,"column":71},"skip":true},{"start":{"line":180,"column":75},"end":{"line":189,"column":9},"skip":true}]}},"code":["/* istanbul instrument in package npmtest_canvas */","/*jslint","    bitwise: true,","    browser: true,","    maxerr: 8,","    maxlen: 96,","    node: true,","    nomen: true,","    regexp: true,","    stupid: true","*/","(function () {","    'use strict';","    var local;","","","","    // run shared js-env code - pre-init","    (function () {","        // init local","        local = {};","        // init modeJs","        local.modeJs = (function () {","            try {","                return typeof navigator.userAgent === 'string' &&","                    typeof document.querySelector('body') === 'object' &&","                    typeof XMLHttpRequest.prototype.open === 'function' &&","                    'browser';","            } catch (errorCaughtBrowser) {","                return module.exports &&","                    typeof process.versions.node === 'string' &&","                    typeof require('http').createServer === 'function' &&","                    'node';","            }","        }());","        // init global","        local.global = local.modeJs === 'browser'","            ? window","            : global;","        switch (local.modeJs) {","        // re-init local from window.local","        case 'browser':","            local = local.global.utility2.objectSetDefault(","                local.global.utility2_rollup || local.global.local,","                local.global.utility2","            );","            break;","        // re-init local from example.js","        case 'node':","            local = (local.global.utility2_rollup || require('utility2'))","                .requireReadme();","            break;","        }","        // export local","        local.global.local = local;","    }());","","","","    // run shared js-env code - function","    (function () {","        return;","    }());","    switch (local.modeJs) {","","","","    // run browser js-env code - function","    case 'browser':","        break;","","","","    // run node js-env code - function","    case 'node':","        break;","    }","","","","    // run shared js-env code - post-init","    (function () {","        return;","    }());","    switch (local.modeJs) {","","","","    // run browser js-env code - post-init","    case 'browser':","        local.testCase_browser_nullCase = local.testCase_browser_nullCase || function (","            options,","            onError","        ) {","        /*","         * this function will test browsers's null-case handling-behavior-behavior","         */","            onError(null, options);","        };","","        // run tests","        local.nop(local.modeTest &&","            document.querySelector('#testRunButton1') &&","            document.querySelector('#testRunButton1').click());","        break;","","","","    // run node js-env code - post-init","    /* istanbul ignore next */","    case 'node':","        local.testCase_buildApidoc_default = local.testCase_buildApidoc_default || function (","            options,","            onError","        ) {","        /*","         * this function will test buildApidoc's default handling-behavior-behavior","         */","            options = { modulePathList: module.paths };","            local.buildApidoc(options, onError);","        };","","        local.testCase_buildApp_default = local.testCase_buildApp_default || function (","            options,","            onError","        ) {","        /*","         * this function will test buildApp's default handling-behavior-behavior","         */","            local.testCase_buildReadme_default(options, local.onErrorThrow);","            local.testCase_buildLib_default(options, local.onErrorThrow);","            local.testCase_buildTest_default(options, local.onErrorThrow);","            local.testCase_buildCustomOrg_default(options, local.onErrorThrow);","            options = [];","            local.buildApp(options, onError);","        };","","        local.testCase_buildCustomOrg_default = local.testCase_buildCustomOrg_default ||","            function (options, onError) {","            /*","             * this function will test buildCustomOrg's default handling-behavior","             */","                options = {};","                local.buildCustomOrg(options, onError);","            };","","        local.testCase_buildLib_default = local.testCase_buildLib_default || function (","            options,","            onError","        ) {","        /*","         * this function will test buildLib's default handling-behavior","         */","            options = {};","            local.buildLib(options, onError);","        };","","        local.testCase_buildReadme_default = local.testCase_buildReadme_default || function (","            options,","            onError","        ) {","        /*","         * this function will test buildReadme's default handling-behavior-behavior","         */","            options = {};","            local.buildReadme(options, onError);","        };","","        local.testCase_buildTest_default = local.testCase_buildTest_default || function (","            options,","            onError","        ) {","        /*","         * this function will test buildTest's default handling-behavior","         */","            options = {};","            local.buildTest(options, onError);","        };","","        local.testCase_webpage_default = local.testCase_webpage_default || function (","            options,","            onError","        ) {","        /*","         * this function will test webpage's default handling-behavior","         */","            options = { modeCoverageMerge: true, url: local.serverLocalHost + '?modeTest=1' };","            local.browserTest(options, onError);","        };","","        // run test-server","        local.testRunServer(local);","        break;","    }","}());",""],"l":{"12":2,"14":2,"19":2,"21":2,"23":2,"24":2,"25":2,"30":1,"37":2,"40":2,"43":1,"47":1,"50":1,"52":1,"55":2,"61":2,"62":2,"64":2,"70":1,"76":1,"82":2,"83":2,"85":2,"91":1,"98":1,"102":1,"105":1,"112":1,"119":1,"120":1,"123":1,"130":1,"131":1,"132":1,"133":1,"134":1,"135":1,"138":1,"143":2,"144":2,"147":1,"154":2,"155":2,"158":1,"165":2,"166":2,"169":1,"176":2,"177":2,"180":1,"187":1,"188":1,"192":1,"193":1}},"/home/travis/build/npmtest/node-npmtest-canvas/lib.npmtest_canvas.js":{"path":"/home/travis/build/npmtest/node-npmtest-canvas/lib.npmtest_canvas.js","s":{"1":2,"2":2,"3":2,"4":2,"5":2,"6":2,"7":2,"8":1,"9":2,"10":2,"11":2,"12":2,"13":1,"14":1,"15":1,"16":1},"b":{"1":[2,1,1,1],"2":[1,1,1,1],"3":[1,1],"4":[2,2],"5":[1,1]},"f":{"1":2,"2":2,"3":2},"fnMap":{"1":{"name":"(anonymous_1)","line":12,"loc":{"start":{"line":12,"column":1},"end":{"line":12,"column":13}}},"2":{"name":"(anonymous_2)","line":19,"loc":{"start":{"line":19,"column":5},"end":{"line":19,"column":17}}},"3":{"name":"(anonymous_3)","line":23,"loc":{"start":{"line":23,"column":24},"end":{"line":23,"column":36}}}},"statementMap":{"1":{"start":{"line":12,"column":0},"end":{"line":53,"column":5}},"2":{"start":{"line":14,"column":4},"end":{"line":14,"column":14}},"3":{"start":{"line":19,"column":4},"end":{"line":52,"column":9}},"4":{"start":{"line":21,"column":8},"end":{"line":21,"column":19}},"5":{"start":{"line":23,"column":8},"end":{"line":35,"column":13}},"6":{"start":{"line":24,"column":12},"end":{"line":34,"column":13}},"7":{"start":{"line":25,"column":16},"end":{"line":28,"column":30}},"8":{"start":{"line":30,"column":16},"end":{"line":33,"column":27}},"9":{"start":{"line":37,"column":8},"end":{"line":39,"column":21}},"10":{"start":{"line":41,"column":8},"end":{"line":41,"column":54}},"11":{"start":{"line":43,"column":8},"end":{"line":43,"column":51}},"12":{"start":{"line":45,"column":8},"end":{"line":51,"column":9}},"13":{"start":{"line":46,"column":12},"end":{"line":46,"column":57}},"14":{"start":{"line":48,"column":12},"end":{"line":48,"column":35}},"15":{"start":{"line":49,"column":12},"end":{"line":49,"column":49}},"16":{"start":{"line":50,"column":12},"end":{"line":50,"column":43}}},"branchMap":{"1":{"line":25,"type":"binary-expr","locations":[{"start":{"line":25,"column":23},"end":{"line":25,"column":62}},{"start":{"line":26,"column":20},"end":{"line":26,"column":70}},{"start":{"line":27,"column":20},"end":{"line":27,"column":71}},{"start":{"line":28,"column":20},"end":{"line":28,"column":29}}]},"2":{"line":30,"type":"binary-expr","locations":[{"start":{"line":30,"column":23},"end":{"line":30,"column":37}},{"start":{"line":31,"column":20},"end":{"line":31,"column":61}},{"start":{"line":32,"column":20},"end":{"line":32,"column":70}},{"start":{"line":33,"column":20},"end":{"line":33,"column":26}}]},"3":{"line":37,"type":"cond-expr","locations":[{"start":{"line":38,"column":14},"end":{"line":38,"column":20}},{"start":{"line":39,"column":14},"end":{"line":39,"column":20}}]},"4":{"line":41,"type":"binary-expr","locations":[{"start":{"line":41,"column":16},"end":{"line":41,"column":44}},{"start":{"line":41,"column":48},"end":{"line":41,"column":53}}]},"5":{"line":45,"type":"if","locations":[{"start":{"line":45,"column":8},"end":{"line":45,"column":8}},{"start":{"line":45,"column":8},"end":{"line":45,"column":8}}]}},"code":["/* istanbul instrument in package npmtest_canvas */","/*jslint","    bitwise: true,","    browser: true,","    maxerr: 8,","    maxlen: 96,","    node: true,","    nomen: true,","    regexp: true,","    stupid: true","*/","(function () {","    'use strict';","    var local;","","","","    // run shared js-env code - pre-init","    (function () {","        // init local","        local = {};","        // init modeJs","        local.modeJs = (function () {","            try {","                return typeof navigator.userAgent === 'string' &&","                    typeof document.querySelector('body') === 'object' &&","                    typeof XMLHttpRequest.prototype.open === 'function' &&","                    'browser';","            } catch (errorCaughtBrowser) {","                return module.exports &&","                    typeof process.versions.node === 'string' &&","                    typeof require('http').createServer === 'function' &&","                    'node';","            }","        }());","        // init global","        local.global = local.modeJs === 'browser'","            ? window","            : global;","        // init utility2_rollup","        local = local.global.utility2_rollup || local;","        // init lib","        local.local = local.npmtest_canvas = local;","        // init exports","        if (local.modeJs === 'browser') {","            local.global.utility2_npmtest_canvas = local;","        } else {","            module.exports = local;","            module.exports.__dirname = __dirname;","            module.exports.module = module;","        }","    }());","}());",""],"l":{"12":2,"14":2,"19":2,"21":2,"23":2,"24":2,"25":2,"30":1,"37":2,"41":2,"43":2,"45":2,"46":1,"48":1,"49":1,"50":1}},"/home/travis/build/npmtest/node-npmtest-canvas/example.js":{"path":"/home/travis/build/npmtest/node-npmtest-canvas/example.js","s":{"1":2,"2":2,"3":2,"4":2,"5":2,"6":2,"7":2,"8":1,"9":2,"10":2,"11":2,"12":2,"13":1,"14":2,"15":2,"16":2,"17":2,"18":2,"19":0,"20":2,"21":1,"22":1,"23":1,"24":1,"25":1,"26":0,"27":0,"28":1,"29":1,"30":2,"31":0,"32":0,"33":0,"34":1,"35":2,"36":2,"37":3,"38":3,"39":3,"40":3,"41":0,"42":3,"43":3,"44":3,"45":1,"46":3,"47":1,"48":1,"49":1,"50":1,"51":1,"52":1,"53":1,"54":1,"55":1,"56":1,"57":0,"58":1,"59":6,"60":6,"61":1,"62":2,"63":0,"64":2,"65":1,"66":1,"67":0,"68":0,"69":0,"70":0,"71":0,"72":0,"73":0,"74":0,"75":0,"76":0,"77":0,"78":0,"79":0,"80":0,"81":0,"82":0,"83":0},"b":{"1":[2,1,1,1],"2":[1,1,1,1],"3":[1,1],"4":[2,2],"5":[1,1],"6":[1,1],"7":[2,0],"8":[2,1,1,1,1,1],"9":[0,2,0],"10":[1,1],"11":[2,1,1],"12":[1,0],"13":[0,2],"14":[2,0,0,0,0,0,0],"15":[0,3],"16":[3,0],"17":[1,1],"18":[0,1],"19":[1,2,0,2],"20":[1,0],"21":[1,1],"22":[0,0],"23":[0,0],"24":[0,0],"25":[0,0],"26":[0,0],"27":[0,0],"28":[0,0]},"f":{"1":2,"2":2,"3":2,"4":2,"5":2,"6":2,"7":3,"8":3,"9":3,"10":1,"11":6,"12":0},"fnMap":{"1":{"name":"(anonymous_1)","line":26,"loc":{"start":{"line":26,"column":1},"end":{"line":26,"column":13}}},"2":{"name":"(anonymous_2)","line":33,"loc":{"start":{"line":33,"column":5},"end":{"line":33,"column":17}}},"3":{"name":"(anonymous_3)","line":37,"loc":{"start":{"line":37,"column":24},"end":{"line":37,"column":36}}},"4":{"name":"(anonymous_4)","line":69,"loc":{"start":{"line":69,"column":31},"end":{"line":69,"column":48}},"skip":true},"5":{"name":"(anonymous_5)","line":78,"loc":{"start":{"line":78,"column":26},"end":{"line":78,"column":45}},"skip":true},"6":{"name":"(anonymous_6)","line":123,"loc":{"start":{"line":123,"column":33},"end":{"line":123,"column":48}},"skip":true},"7":{"name":"(anonymous_7)","line":125,"loc":{"start":{"line":125,"column":27},"end":{"line":125,"column":39}},"skip":true},"8":{"name":"(anonymous_8)","line":133,"loc":{"start":{"line":133,"column":59},"end":{"line":133,"column":74}},"skip":true},"9":{"name":"(anonymous_9)","line":143,"loc":{"start":{"line":143,"column":45},"end":{"line":143,"column":62}},"skip":true},"10":{"name":"(anonymous_10)","line":144,"loc":{"start":{"line":144,"column":73},"end":{"line":144,"column":92}},"skip":true},"11":{"name":"(anonymous_11)","line":272,"loc":{"start":{"line":272,"column":51},"end":{"line":272,"column":77}},"skip":true},"12":{"name":"(anonymous_12)","line":315,"loc":{"start":{"line":315,"column":32},"end":{"line":315,"column":61}},"skip":true}},"statementMap":{"1":{"start":{"line":26,"column":0},"end":{"line":326,"column":5}},"2":{"start":{"line":28,"column":4},"end":{"line":28,"column":14}},"3":{"start":{"line":33,"column":4},"end":{"line":60,"column":9}},"4":{"start":{"line":35,"column":8},"end":{"line":35,"column":19}},"5":{"start":{"line":37,"column":8},"end":{"line":49,"column":13}},"6":{"start":{"line":38,"column":12},"end":{"line":48,"column":13}},"7":{"start":{"line":39,"column":16},"end":{"line":42,"column":30}},"8":{"start":{"line":44,"column":16},"end":{"line":47,"column":27}},"9":{"start":{"line":51,"column":8},"end":{"line":53,"column":21}},"10":{"start":{"line":55,"column":8},"end":{"line":57,"column":45}},"11":{"start":{"line":59,"column":8},"end":{"line":59,"column":35}},"12":{"start":{"line":61,"column":4},"end":{"line":325,"column":5}},"13":{"start":{"line":69,"column":8},"end":{"line":121,"column":10},"skip":true},"14":{"start":{"line":70,"column":12},"end":{"line":88,"column":13},"skip":true},"15":{"start":{"line":76,"column":16},"end":{"line":87,"column":19},"skip":true},"16":{"start":{"line":79,"column":20},"end":{"line":86,"column":21},"skip":true},"17":{"start":{"line":82,"column":24},"end":{"line":82,"column":43},"skip":true},"18":{"start":{"line":83,"column":24},"end":{"line":83,"column":30},"skip":true},"19":{"start":{"line":85,"column":24},"end":{"line":85,"column":49},"skip":true},"20":{"start":{"line":89,"column":12},"end":{"line":107,"column":13},"skip":true},"21":{"start":{"line":92,"column":16},"end":{"line":102,"column":17},"skip":true},"22":{"start":{"line":93,"column":20},"end":{"line":93,"column":86},"skip":true},"23":{"start":{"line":94,"column":20},"end":{"line":95,"column":45},"skip":true},"24":{"start":{"line":96,"column":20},"end":{"line":96,"column":42},"skip":true},"25":{"start":{"line":97,"column":20},"end":{"line":97,"column":48},"skip":true},"26":{"start":{"line":100,"column":20},"end":{"line":100,"column":85},"skip":true},"27":{"start":{"line":101,"column":20},"end":{"line":101,"column":96},"skip":true},"28":{"start":{"line":103,"column":16},"end":{"line":103,"column":22},"skip":true},"29":{"start":{"line":106,"column":16},"end":{"line":106,"column":22},"skip":true},"30":{"start":{"line":108,"column":12},"end":{"line":120,"column":13},"skip":true},"31":{"start":{"line":114,"column":16},"end":{"line":119,"column":17},"skip":true},"32":{"start":{"line":116,"column":20},"end":{"line":116,"column":78},"skip":true},"33":{"start":{"line":118,"column":20},"end":{"line":118,"column":47},"skip":true},"34":{"start":{"line":123,"column":8},"end":{"line":141,"column":11},"skip":true},"35":{"start":{"line":124,"column":12},"end":{"line":124,"column":54},"skip":true},"36":{"start":{"line":125,"column":12},"end":{"line":140,"column":14},"skip":true},"37":{"start":{"line":126,"column":16},"end":{"line":126,"column":28},"skip":true},"38":{"start":{"line":127,"column":16},"end":{"line":127,"column":69},"skip":true},"39":{"start":{"line":128,"column":16},"end":{"line":128,"column":75},"skip":true},"40":{"start":{"line":129,"column":16},"end":{"line":131,"column":17},"skip":true},"41":{"start":{"line":130,"column":20},"end":{"line":130,"column":27},"skip":true},"42":{"start":{"line":133,"column":16},"end":{"line":137,"column":36},"skip":true},"43":{"start":{"line":134,"column":20},"end":{"line":136,"column":55},"skip":true},"44":{"start":{"line":139,"column":16},"end":{"line":139,"column":57},"skip":true},"45":{"start":{"line":143,"column":8},"end":{"line":147,"column":11},"skip":true},"46":{"start":{"line":144,"column":12},"end":{"line":146,"column":15},"skip":true},"47":{"start":{"line":145,"column":16},"end":{"line":145,"column":70},"skip":true},"48":{"start":{"line":149,"column":8},"end":{"line":149,"column":31},"skip":true},"49":{"start":{"line":150,"column":8},"end":{"line":150,"column":14},"skip":true},"50":{"start":{"line":158,"column":8},"end":{"line":158,"column":31},"skip":true},"51":{"start":{"line":160,"column":8},"end":{"line":160,"column":33},"skip":true},"52":{"start":{"line":161,"column":8},"end":{"line":161,"column":37},"skip":true},"53":{"start":{"line":162,"column":8},"end":{"line":162,"column":35},"skip":true},"54":{"start":{"line":164,"column":8},"end":{"line":164,"column":50},"skip":true},"55":{"start":{"line":166,"column":8},"end":{"line":256,"column":2},"skip":true},"56":{"start":{"line":258,"column":8},"end":{"line":286,"column":9},"skip":true},"57":{"start":{"line":259,"column":12},"end":{"line":269,"column":14},"skip":true},"58":{"start":{"line":271,"column":12},"end":{"line":285,"column":19},"skip":true},"59":{"start":{"line":274,"column":20},"end":{"line":274,"column":35},"skip":true},"60":{"start":{"line":275,"column":20},"end":{"line":284,"column":21},"skip":true},"61":{"start":{"line":277,"column":24},"end":{"line":277,"column":64},"skip":true},"62":{"start":{"line":279,"column":24},"end":{"line":279,"column":40},"skip":true},"63":{"start":{"line":281,"column":24},"end":{"line":281,"column":40},"skip":true},"64":{"start":{"line":283,"column":24},"end":{"line":283,"column":39},"skip":true},"65":{"start":{"line":288,"column":8},"end":{"line":290,"column":9},"skip":true},"66":{"start":{"line":289,"column":12},"end":{"line":289,"column":18},"skip":true},"67":{"start":{"line":291,"column":8},"end":{"line":293,"column":54},"skip":true},"68":{"start":{"line":296,"column":8},"end":{"line":301,"column":37},"skip":true},"69":{"start":{"line":303,"column":8},"end":{"line":303,"column":82},"skip":true},"70":{"start":{"line":306,"column":8},"end":{"line":308,"column":9},"skip":true},"71":{"start":{"line":307,"column":12},"end":{"line":307,"column":82},"skip":true},"72":{"start":{"line":310,"column":8},"end":{"line":312,"column":9},"skip":true},"73":{"start":{"line":311,"column":12},"end":{"line":311,"column":18},"skip":true},"74":{"start":{"line":313,"column":8},"end":{"line":313,"column":54},"skip":true},"75":{"start":{"line":314,"column":8},"end":{"line":314,"column":69},"skip":true},"76":{"start":{"line":315,"column":8},"end":{"line":323,"column":36},"skip":true},"77":{"start":{"line":316,"column":12},"end":{"line":316,"column":61},"skip":true},"78":{"start":{"line":317,"column":12},"end":{"line":320,"column":13},"skip":true},"79":{"start":{"line":318,"column":16},"end":{"line":318,"column":75},"skip":true},"80":{"start":{"line":319,"column":16},"end":{"line":319,"column":23},"skip":true},"81":{"start":{"line":321,"column":12},"end":{"line":321,"column":38},"skip":true},"82":{"start":{"line":322,"column":12},"end":{"line":322,"column":27},"skip":true},"83":{"start":{"line":324,"column":8},"end":{"line":324,"column":14},"skip":true}},"branchMap":{"1":{"line":39,"type":"binary-expr","locations":[{"start":{"line":39,"column":23},"end":{"line":39,"column":62}},{"start":{"line":40,"column":20},"end":{"line":40,"column":70}},{"start":{"line":41,"column":20},"end":{"line":41,"column":71}},{"start":{"line":42,"column":20},"end":{"line":42,"column":29}}]},"2":{"line":44,"type":"binary-expr","locations":[{"start":{"line":44,"column":23},"end":{"line":44,"column":37}},{"start":{"line":45,"column":20},"end":{"line":45,"column":61}},{"start":{"line":46,"column":20},"end":{"line":46,"column":70}},{"start":{"line":47,"column":20},"end":{"line":47,"column":26}}]},"3":{"line":51,"type":"cond-expr","locations":[{"start":{"line":52,"column":14},"end":{"line":52,"column":20}},{"start":{"line":53,"column":14},"end":{"line":53,"column":20}}]},"4":{"line":55,"type":"binary-expr","locations":[{"start":{"line":55,"column":16},"end":{"line":55,"column":44}},{"start":{"line":55,"column":49},"end":{"line":57,"column":43}}]},"5":{"line":55,"type":"cond-expr","locations":[{"start":{"line":56,"column":14},"end":{"line":56,"column":50}},{"start":{"line":57,"column":14},"end":{"line":57,"column":43}}]},"6":{"line":61,"type":"switch","locations":[{"start":{"line":68,"column":4},"end":{"line":150,"column":14},"skip":true},{"start":{"line":156,"column":4},"end":{"line":324,"column":14},"skip":true}]},"7":{"line":70,"type":"if","locations":[{"start":{"line":70,"column":12},"end":{"line":70,"column":12},"skip":true},{"start":{"line":70,"column":12},"end":{"line":70,"column":12},"skip":true}]},"8":{"line":70,"type":"binary-expr","locations":[{"start":{"line":70,"column":16},"end":{"line":70,"column":22},"skip":true},{"start":{"line":70,"column":27},"end":{"line":70,"column":32},"skip":true},{"start":{"line":71,"column":20},"end":{"line":71,"column":39},"skip":true},{"start":{"line":72,"column":20},"end":{"line":72,"column":49},"skip":true},{"start":{"line":73,"column":20},"end":{"line":73,"column":58},"skip":true},{"start":{"line":74,"column":20},"end":{"line":74,"column":69},"skip":true}]},"9":{"line":79,"type":"switch","locations":[{"start":{"line":80,"column":20},"end":{"line":80,"column":33},"skip":true},{"start":{"line":81,"column":20},"end":{"line":83,"column":30},"skip":true},{"start":{"line":84,"column":20},"end":{"line":85,"column":49},"skip":true}]},"10":{"line":89,"type":"switch","locations":[{"start":{"line":90,"column":12},"end":{"line":103,"column":22},"skip":true},{"start":{"line":105,"column":12},"end":{"line":106,"column":22},"skip":true}]},"11":{"line":89,"type":"binary-expr","locations":[{"start":{"line":89,"column":20},"end":{"line":89,"column":25},"skip":true},{"start":{"line":89,"column":29},"end":{"line":89,"column":48},"skip":true},{"start":{"line":89,"column":52},"end":{"line":89,"column":74},"skip":true}]},"12":{"line":92,"type":"if","locations":[{"start":{"line":92,"column":16},"end":{"line":92,"column":16},"skip":true},{"start":{"line":92,"column":16},"end":{"line":92,"column":16},"skip":true}]},"13":{"line":108,"type":"if","locations":[{"start":{"line":108,"column":12},"end":{"line":108,"column":12},"skip":true},{"start":{"line":108,"column":12},"end":{"line":108,"column":12},"skip":true}]},"14":{"line":108,"type":"binary-expr","locations":[{"start":{"line":108,"column":16},"end":{"line":108,"column":61},"skip":true},{"start":{"line":108,"column":66},"end":{"line":108,"column":72},"skip":true},{"start":{"line":108,"column":77},"end":{"line":108,"column":82},"skip":true},{"start":{"line":109,"column":20},"end":{"line":109,"column":39},"skip":true},{"start":{"line":110,"column":20},"end":{"line":110,"column":49},"skip":true},{"start":{"line":111,"column":20},"end":{"line":111,"column":58},"skip":true},{"start":{"line":112,"column":20},"end":{"line":112,"column":68},"skip":true}]},"15":{"line":129,"type":"if","locations":[{"start":{"line":129,"column":16},"end":{"line":129,"column":16},"skip":true},{"start":{"line":129,"column":16},"end":{"line":129,"column":16},"skip":true}]},"16":{"line":134,"type":"cond-expr","locations":[{"start":{"line":135,"column":26},"end":{"line":135,"column":29},"skip":true},{"start":{"line":136,"column":26},"end":{"line":136,"column":54},"skip":true}]},"17":{"line":164,"type":"binary-expr","locations":[{"start":{"line":164,"column":27},"end":{"line":164,"column":43},"skip":true},{"start":{"line":164,"column":47},"end":{"line":164,"column":49},"skip":true}]},"18":{"line":258,"type":"if","locations":[{"start":{"line":258,"column":8},"end":{"line":258,"column":8},"skip":true},{"start":{"line":258,"column":8},"end":{"line":258,"column":8},"skip":true}]},"19":{"line":275,"type":"switch","locations":[{"start":{"line":276,"column":20},"end":{"line":277,"column":64},"skip":true},{"start":{"line":278,"column":20},"end":{"line":279,"column":40},"skip":true},{"start":{"line":280,"column":20},"end":{"line":281,"column":40},"skip":true},{"start":{"line":282,"column":20},"end":{"line":283,"column":39},"skip":true}]},"20":{"line":288,"type":"if","locations":[{"start":{"line":288,"column":8},"end":{"line":288,"column":8},"skip":true},{"start":{"line":288,"column":8},"end":{"line":288,"column":8},"skip":true}]},"21":{"line":288,"type":"binary-expr","locations":[{"start":{"line":288,"column":12},"end":{"line":288,"column":40},"skip":true},{"start":{"line":288,"column":44},"end":{"line":288,"column":67},"skip":true}]},"22":{"line":292,"type":"binary-expr","locations":[{"start":{"line":292,"column":12},"end":{"line":292,"column":50},"skip":true},{"start":{"line":293,"column":12},"end":{"line":293,"column":53},"skip":true}]},"23":{"line":297,"type":"binary-expr","locations":[{"start":{"line":297,"column":12},"end":{"line":297,"column":64},"skip":true},{"start":{"line":298,"column":12},"end":{"line":301,"column":36},"skip":true}]},"24":{"line":303,"type":"binary-expr","locations":[{"start":{"line":303,"column":43},"end":{"line":303,"column":75},"skip":true},{"start":{"line":303,"column":79},"end":{"line":303,"column":81},"skip":true}]},"25":{"line":306,"type":"if","locations":[{"start":{"line":306,"column":8},"end":{"line":306,"column":8},"skip":true},{"start":{"line":306,"column":8},"end":{"line":306,"column":8},"skip":true}]},"26":{"line":310,"type":"if","locations":[{"start":{"line":310,"column":8},"end":{"line":310,"column":8},"skip":true},{"start":{"line":310,"column":8},"end":{"line":310,"column":8},"skip":true}]},"27":{"line":313,"type":"binary-expr","locations":[{"start":{"line":313,"column":27},"end":{"line":313,"column":43},"skip":true},{"start":{"line":313,"column":47},"end":{"line":313,"column":53},"skip":true}]},"28":{"line":317,"type":"if","locations":[{"start":{"line":317,"column":12},"end":{"line":317,"column":12},"skip":true},{"start":{"line":317,"column":12},"end":{"line":317,"column":12},"skip":true}]}},"code":["/*","example.js","","quickstart example","","instruction","    1. save this script as example.js","    2. run the shell command:","        $ npm install npmtest-canvas && PORT=8081 node example.js","    3. play with the browser-demo on http://127.0.0.1:8081","*/","","","","/* istanbul instrument in package npmtest_canvas */","/*jslint","    bitwise: true,","    browser: true,","    maxerr: 8,","    maxlen: 96,","    node: true,","    nomen: true,","    regexp: true,","    stupid: true","*/","(function () {","    'use strict';","    var local;","","","","    // run shared js-env code - pre-init","    (function () {","        // init local","        local = {};","        // init modeJs","        local.modeJs = (function () {","            try {","                return typeof navigator.userAgent === 'string' &&","                    typeof document.querySelector('body') === 'object' &&","                    typeof XMLHttpRequest.prototype.open === 'function' &&","                    'browser';","            } catch (errorCaughtBrowser) {","                return module.exports &&","                    typeof process.versions.node === 'string' &&","                    typeof require('http').createServer === 'function' &&","                    'node';","            }","        }());","        // init global","        local.global = local.modeJs === 'browser'","            ? window","            : global;","        // init utility2_rollup","        local = local.global.utility2_rollup || (local.modeJs === 'browser'","            ? local.global.utility2_npmtest_canvas","            : global.utility2_moduleExports);","        // export local","        local.global.local = local;","    }());","    switch (local.modeJs) {","","","","    // post-init","    // run browser js-env code - post-init","    /* istanbul ignore next */","    case 'browser':","        local.testRunBrowser = function (event) {","            if (!event || (event &&","                    event.currentTarget &&","                    event.currentTarget.className &&","                    event.currentTarget.className.includes &&","                    event.currentTarget.className.includes('onreset'))) {","                // reset output","                Array.from(","                    document.querySelectorAll('body > .resettable')","                ).forEach(function (element) {","                    switch (element.tagName) {","                    case 'INPUT':","                    case 'TEXTAREA':","                        element.value = '';","                        break;","                    default:","                        element.textContent = '';","                    }","                });","            }","            switch (event && event.currentTarget && event.currentTarget.id) {","            case 'testRunButton1':","                // show tests","                if (document.querySelector('#testReportDiv1').style.display === 'none') {","                    document.querySelector('#testReportDiv1').style.display = 'block';","                    document.querySelector('#testRunButton1').textContent =","                        'hide internal test';","                    local.modeTest = true;","                    local.testRunDefault(local);","                // hide tests","                } else {","                    document.querySelector('#testReportDiv1').style.display = 'none';","                    document.querySelector('#testRunButton1').textContent = 'run internal test';","                }","                break;","            // custom-case","            default:","                break;","            }","            if (document.querySelector('#inputTextareaEval1') && (!event || (event &&","                    event.currentTarget &&","                    event.currentTarget.className &&","                    event.currentTarget.className.includes &&","                    event.currentTarget.className.includes('oneval')))) {","                // try to eval input-code","                try {","                    /*jslint evil: true*/","                    eval(document.querySelector('#inputTextareaEval1').value);","                } catch (errorCaught) {","                    console.error(errorCaught);","                }","            }","        };","        // log stderr and stdout to #outputTextareaStdout1","        ['error', 'log'].forEach(function (key) {","            console[key + '_original'] = console[key];","            console[key] = function () {","                var element;","                console[key + '_original'].apply(console, arguments);","                element = document.querySelector('#outputTextareaStdout1');","                if (!element) {","                    return;","                }","                // append text to #outputTextareaStdout1","                element.value += Array.from(arguments).map(function (arg) {","                    return typeof arg === 'string'","                        ? arg","                        : JSON.stringify(arg, null, 4);","                }).join(' ') + '\\n';","                // scroll textarea to bottom","                element.scrollTop = element.scrollHeight;","            };","        });","        // init event-handling","        ['change', 'click', 'keyup'].forEach(function (event) {","            Array.from(document.querySelectorAll('.on' + event)).forEach(function (element) {","                element.addEventListener(event, local.testRunBrowser);","            });","        });","        // run tests","        local.testRunBrowser();","        break;","","","","    // run node js-env code - post-init","    /* istanbul ignore next */","    case 'node':","        // export local","        module.exports = local;","        // require modules","        local.fs = require('fs');","        local.http = require('http');","        local.url = require('url');","        // init assets","        local.assetsDict = local.assetsDict || {};","        /* jslint-ignore-begin */","        local.assetsDict['/assets.index.template.html'] = '\\","<!doctype html>\\n\\","<html lang=\"en\">\\n\\","<head>\\n\\","<meta charset=\"UTF-8\">\\n\\","<meta name=\"viewport\" content=\"width=device-width, initial-scale=1\">\\n\\","<title>{{env.npm_package_name}} (v{{env.npm_package_version}})</title>\\n\\","<style>\\n\\","/*csslint\\n\\","    box-sizing: false,\\n\\","    universal-selector: false\\n\\","*/\\n\\","* {\\n\\","    box-sizing: border-box;\\n\\","}\\n\\","body {\\n\\","    background: #dde;\\n\\","    font-family: Arial, Helvetica, sans-serif;\\n\\","    margin: 2rem;\\n\\","}\\n\\","body > * {\\n\\","    margin-bottom: 1rem;\\n\\","}\\n\\",".utility2FooterDiv {\\n\\","    margin-top: 20px;\\n\\","    text-align: center;\\n\\","}\\n\\","</style>\\n\\","<style>\\n\\","/*csslint\\n\\","*/\\n\\","textarea {\\n\\","    font-family: monospace;\\n\\","    height: 10rem;\\n\\","    width: 100%;\\n\\","}\\n\\","textarea[readonly] {\\n\\","    background: #ddd;\\n\\","}\\n\\","</style>\\n\\","</head>\\n\\","<body>\\n\\","<!-- utility2-comment\\n\\","<div id=\"ajaxProgressDiv1\" style=\"background: #d00; height: 2px; left: 0; margin: 0; padding: 0; position: fixed; top: 0; transition: background 0.5s, width 1.5s; width: 25%;\"></div>\\n\\","utility2-comment -->\\n\\","<h1>\\n\\","<!-- utility2-comment\\n\\","    <a\\n\\","        {{#if env.npm_package_homepage}}\\n\\","        href=\"{{env.npm_package_homepage}}\"\\n\\","        {{/if env.npm_package_homepage}}\\n\\","        target=\"_blank\"\\n\\","    >\\n\\","utility2-comment -->\\n\\","        {{env.npm_package_name}} (v{{env.npm_package_version}})\\n\\","<!-- utility2-comment\\n\\","    </a>\\n\\","utility2-comment -->\\n\\","</h1>\\n\\","<h3>{{env.npm_package_description}}</h3>\\n\\","<!-- utility2-comment\\n\\","<h4><a download href=\"assets.app.js\">download standalone app</a></h4>\\n\\","<button class=\"onclick onreset\" id=\"testRunButton1\">run internal test</button><br>\\n\\","<div id=\"testReportDiv1\" style=\"display: none;\"></div>\\n\\","utility2-comment -->\\n\\","\\n\\","\\n\\","\\n\\","<label>stderr and stdout</label>\\n\\","<textarea class=\"resettable\" id=\"outputTextareaStdout1\" readonly></textarea>\\n\\","<!-- utility2-comment\\n\\","{{#if isRollup}}\\n\\","<script src=\"assets.app.js\"></script>\\n\\","{{#unless isRollup}}\\n\\","utility2-comment -->\\n\\","<script src=\"assets.utility2.rollup.js\"></script>\\n\\","<script src=\"jsonp.utility2._stateInit?callback=window.utility2._stateInit\"></script>\\n\\","<script src=\"assets.npmtest_canvas.rollup.js\"></script>\\n\\","<script src=\"assets.example.js\"></script>\\n\\","<script src=\"assets.test.js\"></script>\\n\\","<!-- utility2-comment\\n\\","{{/if isRollup}}\\n\\","utility2-comment -->\\n\\","<div class=\"utility2FooterDiv\">\\n\\","    [ this app was created with\\n\\","    <a href=\"https://github.com/kaizhu256/node-utility2\" target=\"_blank\">utility2</a>\\n\\","    ]\\n\\","</div>\\n\\","</body>\\n\\","</html>\\n\\","';","        /* jslint-ignore-end */","        if (local.templateRender) {","            local.assetsDict['/'] = local.templateRender(","                local.assetsDict['/assets.index.template.html'],","                {","                    env: local.objectSetDefault(local.env, {","                        npm_package_description: 'the greatest app in the world!',","                        npm_package_name: 'my-app',","                        npm_package_nameAlias: 'my_app',","                        npm_package_version: '0.0.1'","                    })","                }","            );","        } else {","            local.assetsDict['/'] = local.assetsDict['/assets.index.template.html']","                .replace((/\\{\\{env\\.(\\w+?)\\}\\}/g), function (match0, match1) {","                    // jslint-hack","                    String(match0);","                    switch (match1) {","                    case 'npm_package_description':","                        return 'the greatest app in the world!';","                    case 'npm_package_name':","                        return 'my-app';","                    case 'npm_package_nameAlias':","                        return 'my_app';","                    case 'npm_package_version':","                        return '0.0.1';","                    }","                });","        }","        // run the cli","        if (local.global.utility2_rollup || module !== require.main) {","            break;","        }","        local.assetsDict['/assets.example.js'] =","            local.assetsDict['/assets.example.js'] ||","            local.fs.readFileSync(__filename, 'utf8');","        // bug-workaround - long $npm_package_buildCustomOrg","        /* jslint-ignore-begin */","        local.assetsDict['/assets.npmtest_canvas.rollup.js'] =","            local.assetsDict['/assets.npmtest_canvas.rollup.js'] ||","            local.fs.readFileSync(","                local.npmtest_canvas.__dirname + '/lib.npmtest_canvas.js',","                'utf8'","            ).replace((/^#!/), '//');","        /* jslint-ignore-end */","        local.assetsDict['/favicon.ico'] = local.assetsDict['/favicon.ico'] || '';","        // if $npm_config_timeout_exit exists,","        // then exit this process after $npm_config_timeout_exit ms","        if (Number(process.env.npm_config_timeout_exit)) {","            setTimeout(process.exit, Number(process.env.npm_config_timeout_exit));","        }","        // start server","        if (local.global.utility2_serverHttp1) {","            break;","        }","        process.env.PORT = process.env.PORT || '8081';","        console.error('server starting on port ' + process.env.PORT);","        local.http.createServer(function (request, response) {","            request.urlParsed = local.url.parse(request.url);","            if (local.assetsDict[request.urlParsed.pathname] !== undefined) {","                response.end(local.assetsDict[request.urlParsed.pathname]);","                return;","            }","            response.statusCode = 404;","            response.end();","        }).listen(process.env.PORT);","        break;","    }","}());",""],"l":{"26":2,"28":2,"33":2,"35":2,"37":2,"38":2,"39":2,"44":1,"51":2,"55":2,"59":2,"61":2,"69":1,"70":2,"76":2,"79":2,"82":2,"83":2,"85":1,"89":2,"92":1,"93":1,"94":1,"96":1,"97":1,"100":1,"101":1,"103":1,"106":1,"108":2,"114":1,"116":1,"118":1,"123":1,"124":2,"125":2,"126":3,"127":3,"128":3,"129":3,"130":1,"133":3,"134":3,"139":3,"143":1,"144":3,"145":1,"149":1,"150":1,"158":1,"160":1,"161":1,"162":1,"164":1,"166":1,"258":1,"259":1,"271":1,"274":6,"275":6,"277":1,"279":2,"281":1,"283":2,"288":1,"289":1,"291":1,"296":1,"303":1,"306":1,"307":1,"310":1,"311":1,"313":1,"314":1,"315":1,"316":1,"317":1,"318":1,"319":1,"321":1,"322":1,"324":1}},"/home/travis/build/npmtest/node-npmtest-canvas/node_modules/canvas/lib/canvas.js":{"path":"/home/travis/build/npmtest/node-npmtest-canvas/node_modules/canvas/lib/canvas.js","s":{"1":4,"2":0,"3":0,"4":0,"5":0,"6":0,"7":0,"8":0,"9":0,"10":0,"11":0,"12":0,"13":0,"14":0,"15":0,"16":0,"17":0,"18":0,"19":0,"20":0,"21":0,"22":0,"23":0,"24":0,"25":0,"26":0,"27":0,"28":0,"29":0,"30":0,"31":0,"32":0,"33":0,"34":0,"35":0,"36":0,"37":0,"38":0,"39":0,"40":0,"41":0,"42":0,"43":0,"44":0,"45":0,"46":0,"47":0,"48":0,"49":0,"50":0,"51":0,"52":0,"53":0,"54":0,"55":0,"56":0,"57":0,"58":0,"59":0,"60":0,"61":0,"62":0,"63":0,"64":0,"65":0,"66":0,"67":0,"68":0,"69":0,"70":0,"71":0,"72":0,"73":0,"74":0,"75":0,"76":0,"77":0,"78":0,"79":0,"80":0,"81":0,"82":0,"83":0,"84":0,"85":0,"86":0,"87":0,"88":0,"89":0,"90":0,"91":0,"92":0,"93":0,"94":0,"95":0,"96":0,"97":0},"b":{"1":[0,0],"2":[0,0],"3":[0,0],"4":[0,0],"5":[0,0],"6":[0,0],"7":[0,0],"8":[0,0],"9":[0,0],"10":[0,0],"11":[0,0],"12":[0,0],"13":[0,0],"14":[0,0],"15":[0,0],"16":[0,0],"17":[0,0],"18":[0,0],"19":[0,0],"20":[0,0],"21":[0,0],"22":[0,0],"23":[0,0],"24":[0,0],"25":[0,0],"26":[0,0],"27":[0,0],"28":[0,0],"29":[0,0],"30":[0,0]},"f":{"1":0,"2":0,"3":0,"4":0,"5":0,"6":0,"7":0,"8":0,"9":0,"10":0,"11":0,"12":0,"13":0,"14":0,"15":0,"16":0,"17":0},"fnMap":{"1":{"name":"Font","line":80,"loc":{"start":{"line":80,"column":13},"end":{"line":80,"column":44}}},"2":{"name":"(anonymous_2)","line":87,"loc":{"start":{"line":87,"column":27},"end":{"line":87,"column":62}}},"3":{"name":"(anonymous_3)","line":95,"loc":{"start":{"line":95,"column":27},"end":{"line":95,"column":49}}},"4":{"name":"(anonymous_4)","line":121,"loc":{"start":{"line":121,"column":27},"end":{"line":121,"column":37}}},"5":{"name":"(anonymous_5)","line":133,"loc":{"start":{"line":133,"column":30},"end":{"line":133,"column":49}}},"6":{"name":"(anonymous_6)","line":150,"loc":{"start":{"line":150,"column":35},"end":{"line":150,"column":45}}},"7":{"name":"(anonymous_7)","line":162,"loc":{"start":{"line":162,"column":39},"end":{"line":162,"column":49}}},"8":{"name":"(anonymous_8)","line":174,"loc":{"start":{"line":174,"column":35},"end":{"line":174,"column":45}}},"9":{"name":"(anonymous_9)","line":186,"loc":{"start":{"line":186,"column":39},"end":{"line":186,"column":49}}},"10":{"name":"(anonymous_10)","line":199,"loc":{"start":{"line":199,"column":36},"end":{"line":199,"column":53}}},"11":{"name":"(anonymous_11)","line":212,"loc":{"start":{"line":212,"column":40},"end":{"line":212,"column":57}}},"12":{"name":"(anonymous_12)","line":234,"loc":{"start":{"line":234,"column":29},"end":{"line":234,"column":49}}},"13":{"name":"(anonymous_13)","line":282,"loc":{"start":{"line":282,"column":17},"end":{"line":282,"column":28}}},"14":{"name":"(anonymous_14)","line":291,"loc":{"start":{"line":291,"column":20},"end":{"line":291,"column":38}}},"15":{"name":"(anonymous_15)","line":307,"loc":{"start":{"line":307,"column":22},"end":{"line":307,"column":39}}},"16":{"name":"(anonymous_16)","line":310,"loc":{"start":{"line":310,"column":23},"end":{"line":310,"column":38}}},"17":{"name":"(anonymous_17)","line":313,"loc":{"start":{"line":313,"column":21},"end":{"line":313,"column":32}}}},"statementMap":{"1":{"start":{"line":13,"column":0},"end":{"line":24,"column":42}},"2":{"start":{"line":30,"column":0},"end":{"line":30,"column":47}},"3":{"start":{"line":36,"column":0},"end":{"line":36,"column":38}},"4":{"start":{"line":42,"column":0},"end":{"line":42,"column":36}},"5":{"start":{"line":48,"column":0},"end":{"line":50,"column":1}},"6":{"start":{"line":49,"column":2},"end":{"line":49,"column":43}},"7":{"start":{"line":56,"column":0},"end":{"line":58,"column":1}},"8":{"start":{"line":57,"column":2},"end":{"line":57,"column":64}},"9":{"start":{"line":64,"column":0},"end":{"line":66,"column":1}},"10":{"start":{"line":65,"column":2},"end":{"line":65,"column":51}},"11":{"start":{"line":72,"column":0},"end":{"line":72,"column":30}},"12":{"start":{"line":73,"column":0},"end":{"line":73,"column":30}},"13":{"start":{"line":74,"column":0},"end":{"line":74,"column":30}},"14":{"start":{"line":75,"column":0},"end":{"line":75,"column":32}},"15":{"start":{"line":76,"column":0},"end":{"line":76,"column":22}},"16":{"start":{"line":77,"column":0},"end":{"line":77,"column":37}},"17":{"start":{"line":79,"column":0},"end":{"line":100,"column":1}},"18":{"start":{"line":80,"column":2},"end":{"line":85,"column":4}},"19":{"start":{"line":81,"column":4},"end":{"line":81,"column":21}},"20":{"start":{"line":82,"column":4},"end":{"line":82,"column":21}},"21":{"start":{"line":84,"column":4},"end":{"line":84,"column":48}},"22":{"start":{"line":87,"column":2},"end":{"line":93,"column":4}},"23":{"start":{"line":88,"column":4},"end":{"line":88,"column":30}},"24":{"start":{"line":89,"column":4},"end":{"line":89,"column":32}},"25":{"start":{"line":91,"column":4},"end":{"line":91,"column":44}},"26":{"start":{"line":92,"column":4},"end":{"line":92,"column":45}},"27":{"start":{"line":95,"column":2},"end":{"line":97,"column":4}},"28":{"start":{"line":96,"column":4},"end":{"line":96,"column":68}},"29":{"start":{"line":99,"column":2},"end":{"line":99,"column":22}},"30":{"start":{"line":106,"column":0},"end":{"line":106,"column":23}},"31":{"start":{"line":112,"column":0},"end":{"line":112,"column":19}},"32":{"start":{"line":121,"column":0},"end":{"line":123,"column":2}},"33":{"start":{"line":122,"column":2},"end":{"line":122,"column":59}},"34":{"start":{"line":133,"column":0},"end":{"line":140,"column":2}},"35":{"start":{"line":134,"column":2},"end":{"line":139,"column":3}},"36":{"start":{"line":135,"column":4},"end":{"line":135,"column":73}},"37":{"start":{"line":136,"column":4},"end":{"line":136,"column":23}},"38":{"start":{"line":137,"column":4},"end":{"line":137,"column":22}},"39":{"start":{"line":138,"column":4},"end":{"line":138,"column":15}},"40":{"start":{"line":149,"column":0},"end":{"line":152,"column":2}},"41":{"start":{"line":151,"column":2},"end":{"line":151,"column":29}},"42":{"start":{"line":161,"column":0},"end":{"line":164,"column":2}},"43":{"start":{"line":163,"column":2},"end":{"line":163,"column":35}},"44":{"start":{"line":173,"column":0},"end":{"line":176,"column":2}},"45":{"start":{"line":175,"column":2},"end":{"line":175,"column":29}},"46":{"start":{"line":185,"column":0},"end":{"line":188,"column":2}},"47":{"start":{"line":187,"column":2},"end":{"line":187,"column":35}},"48":{"start":{"line":198,"column":0},"end":{"line":201,"column":2}},"49":{"start":{"line":200,"column":2},"end":{"line":200,"column":44}},"50":{"start":{"line":211,"column":0},"end":{"line":222,"column":2}},"51":{"start":{"line":213,"column":2},"end":{"line":213,"column":26}},"52":{"start":{"line":215,"column":2},"end":{"line":215,"column":48}},"53":{"start":{"line":216,"column":2},"end":{"line":216,"column":69}},"54":{"start":{"line":217,"column":2},"end":{"line":221,"column":5}},"55":{"start":{"line":234,"column":0},"end":{"line":318,"column":2}},"56":{"start":{"line":250,"column":2},"end":{"line":250,"column":25}},"57":{"start":{"line":251,"column":2},"end":{"line":251,"column":16}},"58":{"start":{"line":252,"column":2},"end":{"line":252,"column":9}},"59":{"start":{"line":254,"column":2},"end":{"line":276,"column":3}},"60":{"start":{"line":255,"column":4},"end":{"line":255,"column":12}},"61":{"start":{"line":257,"column":4},"end":{"line":259,"column":5}},"62":{"start":{"line":258,"column":6},"end":{"line":258,"column":30}},"63":{"start":{"line":261,"column":4},"end":{"line":275,"column":5}},"64":{"start":{"line":262,"column":6},"end":{"line":262,"column":14}},"65":{"start":{"line":264,"column":6},"end":{"line":268,"column":7}},"66":{"start":{"line":265,"column":8},"end":{"line":265,"column":18}},"67":{"start":{"line":266,"column":13},"end":{"line":268,"column":7}},"68":{"start":{"line":267,"column":8},"end":{"line":267,"column":61}},"69":{"start":{"line":270,"column":6},"end":{"line":274,"column":7}},"70":{"start":{"line":271,"column":8},"end":{"line":271,"column":16}},"71":{"start":{"line":272,"column":13},"end":{"line":274,"column":7}},"72":{"start":{"line":273,"column":8},"end":{"line":273,"column":62}},"73":{"start":{"line":278,"column":2},"end":{"line":287,"column":3}},"74":{"start":{"line":280,"column":4},"end":{"line":280,"column":23}},"75":{"start":{"line":281,"column":4},"end":{"line":285,"column":5}},"76":{"start":{"line":282,"column":6},"end":{"line":284,"column":9}},"77":{"start":{"line":283,"column":8},"end":{"line":283,"column":22}},"78":{"start":{"line":286,"column":4},"end":{"line":286,"column":15}},"79":{"start":{"line":289,"column":2},"end":{"line":317,"column":3}},"80":{"start":{"line":290,"column":4},"end":{"line":297,"column":5}},"81":{"start":{"line":291,"column":6},"end":{"line":294,"column":9}},"82":{"start":{"line":292,"column":8},"end":{"line":292,"column":32}},"83":{"start":{"line":292,"column":17},"end":{"line":292,"column":32}},"84":{"start":{"line":293,"column":8},"end":{"line":293,"column":68}},"85":{"start":{"line":296,"column":6},"end":{"line":296,"column":75}},"86":{"start":{"line":299,"column":9},"end":{"line":317,"column":3}},"87":{"start":{"line":300,"column":4},"end":{"line":302,"column":5}},"88":{"start":{"line":301,"column":6},"end":{"line":301,"column":84}},"89":{"start":{"line":304,"column":4},"end":{"line":304,"column":39}},"90":{"start":{"line":306,"column":4},"end":{"line":306,"column":21}},"91":{"start":{"line":307,"column":4},"end":{"line":309,"column":7}},"92":{"start":{"line":308,"column":6},"end":{"line":308,"column":26}},"93":{"start":{"line":310,"column":4},"end":{"line":312,"column":7}},"94":{"start":{"line":311,"column":6},"end":{"line":311,"column":14}},"95":{"start":{"line":313,"column":4},"end":{"line":316,"column":7}},"96":{"start":{"line":314,"column":6},"end":{"line":314,"column":89}},"97":{"start":{"line":315,"column":6},"end":{"line":315,"column":23}}},"branchMap":{"1":{"line":48,"type":"if","locations":[{"start":{"line":48,"column":0},"end":{"line":48,"column":0}},{"start":{"line":48,"column":0},"end":{"line":48,"column":0}}]},"2":{"line":56,"type":"if","locations":[{"start":{"line":56,"column":0},"end":{"line":56,"column":0}},{"start":{"line":56,"column":0},"end":{"line":56,"column":0}}]},"3":{"line":64,"type":"if","locations":[{"start":{"line":64,"column":0},"end":{"line":64,"column":0}},{"start":{"line":64,"column":0},"end":{"line":64,"column":0}}]},"4":{"line":79,"type":"if","locations":[{"start":{"line":79,"column":0},"end":{"line":79,"column":0}},{"start":{"line":79,"column":0},"end":{"line":79,"column":0}}]},"5":{"line":88,"type":"binary-expr","locations":[{"start":{"line":88,"column":12},"end":{"line":88,"column":17}},{"start":{"line":88,"column":21},"end":{"line":88,"column":29}}]},"6":{"line":89,"type":"binary-expr","locations":[{"start":{"line":89,"column":13},"end":{"line":89,"column":19}},{"start":{"line":89,"column":23},"end":{"line":89,"column":31}}]},"7":{"line":91,"type":"binary-expr","locations":[{"start":{"line":91,"column":34},"end":{"line":91,"column":37}},{"start":{"line":91,"column":41},"end":{"line":91,"column":42}}]},"8":{"line":96,"type":"binary-expr","locations":[{"start":{"line":96,"column":11},"end":{"line":96,"column":35}},{"start":{"line":96,"column":39},"end":{"line":96,"column":67}}]},"9":{"line":134,"type":"if","locations":[{"start":{"line":134,"column":2},"end":{"line":134,"column":2}},{"start":{"line":134,"column":2},"end":{"line":134,"column":2}}]},"10":{"line":135,"type":"binary-expr","locations":[{"start":{"line":135,"column":14},"end":{"line":135,"column":29}},{"start":{"line":135,"column":34},"end":{"line":135,"column":71}}]},"11":{"line":213,"type":"binary-expr","locations":[{"start":{"line":213,"column":12},"end":{"line":213,"column":19}},{"start":{"line":213,"column":23},"end":{"line":213,"column":25}}]},"12":{"line":216,"type":"binary-expr","locations":[{"start":{"line":216,"column":32},"end":{"line":216,"column":47}},{"start":{"line":216,"column":51},"end":{"line":216,"column":55}}]},"13":{"line":219,"type":"binary-expr","locations":[{"start":{"line":219,"column":15},"end":{"line":219,"column":30}},{"start":{"line":219,"column":34},"end":{"line":219,"column":36}}]},"14":{"line":220,"type":"binary-expr","locations":[{"start":{"line":220,"column":19},"end":{"line":220,"column":38}},{"start":{"line":220,"column":42},"end":{"line":220,"column":47}}]},"15":{"line":254,"type":"if","locations":[{"start":{"line":254,"column":2},"end":{"line":254,"column":2}},{"start":{"line":254,"column":2},"end":{"line":254,"column":2}}]},"16":{"line":257,"type":"if","locations":[{"start":{"line":257,"column":4},"end":{"line":257,"column":4}},{"start":{"line":257,"column":4},"end":{"line":257,"column":4}}]},"17":{"line":257,"type":"binary-expr","locations":[{"start":{"line":257,"column":8},"end":{"line":257,"column":30}},{"start":{"line":257,"column":34},"end":{"line":257,"column":74}}]},"18":{"line":261,"type":"if","locations":[{"start":{"line":261,"column":4},"end":{"line":261,"column":4}},{"start":{"line":261,"column":4},"end":{"line":261,"column":4}}]},"19":{"line":264,"type":"if","locations":[{"start":{"line":264,"column":6},"end":{"line":264,"column":6}},{"start":{"line":264,"column":6},"end":{"line":264,"column":6}}]},"20":{"line":266,"type":"if","locations":[{"start":{"line":266,"column":13},"end":{"line":266,"column":13}},{"start":{"line":266,"column":13},"end":{"line":266,"column":13}}]},"21":{"line":270,"type":"if","locations":[{"start":{"line":270,"column":6},"end":{"line":270,"column":6}},{"start":{"line":270,"column":6},"end":{"line":270,"column":6}}]},"22":{"line":272,"type":"if","locations":[{"start":{"line":272,"column":13},"end":{"line":272,"column":13}},{"start":{"line":272,"column":13},"end":{"line":272,"column":13}}]},"23":{"line":278,"type":"if","locations":[{"start":{"line":278,"column":2},"end":{"line":278,"column":2}},{"start":{"line":278,"column":2},"end":{"line":278,"column":2}}]},"24":{"line":278,"type":"binary-expr","locations":[{"start":{"line":278,"column":6},"end":{"line":278,"column":22}},{"start":{"line":278,"column":26},"end":{"line":278,"column":43}}]},"25":{"line":281,"type":"if","locations":[{"start":{"line":281,"column":4},"end":{"line":281,"column":4}},{"start":{"line":281,"column":4},"end":{"line":281,"column":4}}]},"26":{"line":289,"type":"if","locations":[{"start":{"line":289,"column":2},"end":{"line":289,"column":2}},{"start":{"line":289,"column":2},"end":{"line":289,"column":2}}]},"27":{"line":290,"type":"if","locations":[{"start":{"line":290,"column":4},"end":{"line":290,"column":4}},{"start":{"line":290,"column":4},"end":{"line":290,"column":4}}]},"28":{"line":292,"type":"if","locations":[{"start":{"line":292,"column":8},"end":{"line":292,"column":8}},{"start":{"line":292,"column":8},"end":{"line":292,"column":8}}]},"29":{"line":299,"type":"if","locations":[{"start":{"line":299,"column":9},"end":{"line":299,"column":9}},{"start":{"line":299,"column":9},"end":{"line":299,"column":9}}]},"30":{"line":300,"type":"if","locations":[{"start":{"line":300,"column":4},"end":{"line":300,"column":4}},{"start":{"line":300,"column":4},"end":{"line":300,"column":4}}]}},"code":["'use strict';","","/*!"," * Canvas"," * Copyright (c) 2010 LearnBoost <tj@learnboost.com>"," * MIT Licensed"," */","","/**"," * Module dependencies."," */","","var canvas = require('./bindings')","  , Canvas = canvas.Canvas","  , Image = canvas.Image","  , cairoVersion = canvas.cairoVersion","  , Context2d = require('./context2d')","  , PNGStream = require('./pngstream')","  , PDFStream = require('./pdfstream')","  , JPEGStream = require('./jpegstream')","  , FontFace = canvas.FontFace","  , fs = require('fs')","  , packageJson = require(\"../package.json\")","  , FORMATS = ['image/png', 'image/jpeg'];","","/**"," * Export `Canvas` as the module."," */","","var Canvas = exports = module.exports = Canvas;","","/**"," * Library version."," */","","exports.version = packageJson.version;","","/**"," * Cairo version."," */","","exports.cairoVersion = cairoVersion;","","/**"," * jpeglib version."," */","","if (canvas.jpegVersion) {","  exports.jpegVersion = canvas.jpegVersion;","}","","/**"," * gif_lib version."," */","","if (canvas.gifVersion) {","  exports.gifVersion = canvas.gifVersion.replace(/[^.\\d]/g, '');","}","","/**"," * freetype version."," */","","if (canvas.freetypeVersion) {","  exports.freetypeVersion = canvas.freetypeVersion;","}","","/**"," * Expose constructors."," */","","exports.Context2d = Context2d;","exports.PNGStream = PNGStream;","exports.PDFStream = PDFStream;","exports.JPEGStream = JPEGStream;","exports.Image = Image;","exports.ImageData = canvas.ImageData;","","if (FontFace) {","  var Font = function Font(name, path, idx) {","    this.name = name;","    this._faces = {};","","    this.addFace(path, 'normal', 'normal', idx);","  };","","  Font.prototype.addFace = function(path, weight, style, idx) {","    style = style || 'normal';","    weight = weight || 'normal';","","    var face = new FontFace(path, idx || 0);","    this._faces[weight + '-' + style] = face;","  };","","  Font.prototype.getFace = function(weightStyle) {","    return this._faces[weightStyle] || this._faces['normal-normal'];","  };","","  exports.Font = Font;","}","","/**"," * Context2d implementation."," */","","require('./context2d');","","/**"," * Image implementation."," */","","require('./image');","","/**"," * Inspect canvas."," *"," * @return {String}"," * @api public"," */","","Canvas.prototype.inspect = function(){","  return '[Canvas ' + this.width + 'x' + this.height + ']';","};","","/**"," * Get a context object."," *"," * @param {String} contextId"," * @return {Context2d}"," * @api public"," */","","Canvas.prototype.getContext = function(contextId){","  if ('2d' == contextId) {","    var ctx = this._context2d || (this._context2d = new Context2d(this));","    this.context = ctx;","    ctx.canvas = this;","    return ctx;","  }","};","","/**"," * Create a `PNGStream` for `this` canvas."," *"," * @return {PNGStream}"," * @api public"," */","","Canvas.prototype.pngStream =","Canvas.prototype.createPNGStream = function(){","  return new PNGStream(this);","};","","/**"," * Create a synchronous `PNGStream` for `this` canvas."," *"," * @return {PNGStream}"," * @api public"," */","","Canvas.prototype.syncPNGStream =","Canvas.prototype.createSyncPNGStream = function(){","  return new PNGStream(this, true);","};","","/**"," * Create a `PDFStream` for `this` canvas."," *"," * @return {PDFStream}"," * @api public"," */","","Canvas.prototype.pdfStream =","Canvas.prototype.createPDFStream = function(){","  return new PDFStream(this);","};","","/**"," * Create a synchronous `PDFStream` for `this` canvas."," *"," * @return {PDFStream}"," * @api public"," */","","Canvas.prototype.syncPDFStream =","Canvas.prototype.createSyncPDFStream = function(){","  return new PDFStream(this, true);","};","","/**"," * Create a `JPEGStream` for `this` canvas."," *"," * @param {Object} options"," * @return {JPEGStream}"," * @api public"," */","","Canvas.prototype.jpegStream =","Canvas.prototype.createJPEGStream = function(options){","  return this.createSyncJPEGStream(options);","};","","/**"," * Create a synchronous `JPEGStream` for `this` canvas."," *"," * @param {Object} options"," * @return {JPEGStream}"," * @api public"," */","","Canvas.prototype.syncJPEGStream =","Canvas.prototype.createSyncJPEGStream = function(options){","  options = options || {};","  // Don't allow the buffer size to exceed the size of the canvas (#674)","  var maxBufSize = this.width * this.height * 4;","  var clampedBufSize = Math.min(options.bufsize || 4096, maxBufSize);","  return new JPEGStream(this, {","      bufsize: clampedBufSize","    , quality: options.quality || 75","    , progressive: options.progressive || false","  });","};","","/**"," * Return a data url. Pass a function for async support (required for \"image/jpeg\")."," *"," * @param {String} type, optional, one of \"image/png\" or \"image/jpeg\", defaults to \"image/png\""," * @param {Object|Number} encoderOptions, optional, options for jpeg compression (see documentation for Canvas#jpegStream) or the JPEG encoding quality from 0 to 1."," * @param {Function} fn, optional, callback for asynchronous operation. Required for type \"image/jpeg\"."," * @return {String} data URL if synchronous (callback omitted)"," * @api public"," */","","Canvas.prototype.toDataURL = function(a1, a2, a3){","  // valid arg patterns (args -> [type, opts, fn]):","  // [] -> ['image/png', null, null]","  // [qual] -> ['image/png', null, null]","  // [undefined] -> ['image/png', null, null]","  // ['image/png'] -> ['image/png', null, null]","  // ['image/png', qual] -> ['image/png', null, null]","  // [fn] -> ['image/png', null, fn]","  // [type, fn] -> [type, null, fn]","  // [undefined, fn] -> ['image/png', null, fn]","  // ['image/png', qual, fn] -> ['image/png', null, fn]","  // ['image/jpeg', fn] -> ['image/jpeg', null, fn]","  // ['image/jpeg', opts, fn] -> ['image/jpeg', opts, fn]","  // ['image/jpeg', qual, fn] -> ['image/jpeg', {quality: qual}, fn]","  // ['image/jpeg', undefined, fn] -> ['image/jpeg', null, fn]","","  var type = 'image/png';","  var opts = {};","  var fn;","","  if ('function' === typeof a1) {","    fn = a1;","  } else {","    if ('string' === typeof a1 && FORMATS.indexOf(a1.toLowerCase()) !== -1) {","      type = a1.toLowerCase();","    }","","    if ('function' === typeof a2) {","      fn = a2;","    } else {","      if ('object' === typeof a2) {","        opts = a2;","      } else if ('number' === typeof a2) {","        opts = {quality: Math.max(0, Math.min(1, a2)) * 100};","      }","","      if ('function' === typeof a3) {","        fn = a3;","      } else if (undefined !== a3) {","        throw new TypeError(typeof a3 + ' is not a function');","      }","    }","  }","","  if (this.width === 0 || this.height === 0) {","    // Per spec, if the bitmap has no pixels, return this string:","    var str = \"data:,\";","    if (fn) {","      setTimeout(function() {","        fn(null, str);","      });","    }","    return str;","  }","","  if ('image/png' === type) {","    if (fn) {","      this.toBuffer(function(err, buf){","        if (err) return fn(err);","        fn(null, 'data:image/png;base64,' + buf.toString('base64'));","      });","    } else {","      return 'data:image/png;base64,' + this.toBuffer().toString('base64');","    }","","  } else if ('image/jpeg' === type) {","    if (undefined === fn) {","      throw new Error('Missing required callback function for format \"image/jpeg\"');","    }","","    var stream = this.jpegStream(opts);","    // note that jpegStream is synchronous","    var buffers = [];","    stream.on('data', function (chunk) {","      buffers.push(chunk);","    });","    stream.on('error', function (err) {","      fn(err);","    });","    stream.on('end', function() {","      var result = 'data:image/jpeg;base64,' + Buffer.concat(buffers).toString('base64');","      fn(null, result);","    });","  }","};",""],"l":{"13":4,"30":0,"36":0,"42":0,"48":0,"49":0,"56":0,"57":0,"64":0,"65":0,"72":0,"73":0,"74":0,"75":0,"76":0,"77":0,"79":0,"80":0,"81":0,"82":0,"84":0,"87":0,"88":0,"89":0,"91":0,"92":0,"95":0,"96":0,"99":0,"106":0,"112":0,"121":0,"122":0,"133":0,"134":0,"135":0,"136":0,"137":0,"138":0,"149":0,"151":0,"161":0,"163":0,"173":0,"175":0,"185":0,"187":0,"198":0,"200":0,"211":0,"213":0,"215":0,"216":0,"217":0,"234":0,"250":0,"251":0,"252":0,"254":0,"255":0,"257":0,"258":0,"261":0,"262":0,"264":0,"265":0,"266":0,"267":0,"270":0,"271":0,"272":0,"273":0,"278":0,"280":0,"281":0,"282":0,"283":0,"286":0,"289":0,"290":0,"291":0,"292":0,"293":0,"296":0,"299":0,"300":0,"301":0,"304":0,"306":0,"307":0,"308":0,"310":0,"311":0,"313":0,"314":0,"315":0}},"/home/travis/build/npmtest/node-npmtest-canvas/node_modules/canvas/lib/bindings.js":{"path":"/home/travis/build/npmtest/node-npmtest-canvas/node_modules/canvas/lib/bindings.js","s":{"1":10},"b":{},"f":{},"fnMap":{},"statementMap":{"1":{"start":{"line":3,"column":0},"end":{"line":3,"column":52}}},"branchMap":{},"code":["'use strict';","","module.exports = require('../build/Release/canvas');",""],"l":{"3":10}},"/home/travis/build/npmtest/node-npmtest-canvas/node_modules/canvas/index.js":{"path":"/home/travis/build/npmtest/node-npmtest-canvas/node_modules/canvas/index.js","s":{"1":2},"b":{},"f":{},"fnMap":{},"statementMap":{"1":{"start":{"line":1,"column":0},"end":{"line":1,"column":41}}},"branchMap":{},"code":["module.exports = require('./lib/canvas');"],"l":{"1":2}},"/home/travis/build/npmtest/node-npmtest-canvas/node_modules/canvas/lib/context2d.js":{"path":"/home/travis/build/npmtest/node-npmtest-canvas/node_modules/canvas/lib/context2d.js","s":{"1":2,"2":0,"3":0,"4":0,"5":0,"6":0,"7":0,"8":0,"9":0,"10":0,"11":0,"12":0,"13":0,"14":0,"15":0,"16":0,"17":0,"18":0,"19":0,"20":0,"21":0,"22":0,"23":0,"24":0,"25":0,"26":0,"27":0,"28":0,"29":0,"30":0,"31":0,"32":0,"33":0,"34":0,"35":0,"36":0,"37":0,"38":0,"39":0,"40":0,"41":0,"42":0,"43":0,"44":0,"45":0,"46":0,"47":0,"48":0,"49":0,"50":0,"51":0,"52":0,"53":0,"54":0,"55":0,"56":0,"57":0,"58":0,"59":0,"60":0,"61":0,"62":0,"63":0,"64":0,"65":0,"66":0,"67":0,"68":0,"69":0,"70":0,"71":0,"72":0,"73":0,"74":0,"75":0,"76":0,"77":0,"78":0,"79":0,"80":0,"81":0,"82":0,"83":0,"84":0,"85":0,"86":0,"87":0,"88":0,"89":0,"90":0,"91":0,"92":0,"93":0,"94":0,"95":0,"96":0,"97":0,"98":0,"99":0,"100":0,"101":0,"102":0,"103":0,"104":0,"105":0,"106":0,"107":0},"b":{"1":[0,0],"2":[0,0,0,0],"3":[0,0],"4":[0,0],"5":[0,0],"6":[0,0],"7":[0,0],"8":[0,0],"9":[0,0],"10":[0,0],"11":[0,0],"12":[0,0],"13":[0,0],"14":[0,0],"15":[0,0],"16":[0,0],"17":[0,0],"18":[0,0],"19":[0,0],"20":[0,0],"21":[0,0],"22":[0,0],"23":[0,0],"24":[0,0],"25":[0,0,0,0,0],"26":[0,0],"27":[0,0]},"f":{"1":0,"2":0,"3":0,"4":0,"5":0,"6":0,"7":0,"8":0,"9":0,"10":0,"11":0,"12":0,"13":0,"14":0,"15":0,"16":0,"17":0,"18":0,"19":0},"fnMap":{"1":{"name":"(anonymous_1)","line":49,"loc":{"start":{"line":49,"column":36},"end":{"line":49,"column":50}}},"2":{"name":"(anonymous_2)","line":103,"loc":{"start":{"line":103,"column":62},"end":{"line":103,"column":75}}},"3":{"name":"(anonymous_3)","line":114,"loc":{"start":{"line":114,"column":62},"end":{"line":114,"column":75}}},"4":{"name":"(anonymous_4)","line":127,"loc":{"start":{"line":127,"column":36},"end":{"line":127,"column":63}}},"5":{"name":"(anonymous_5)","line":143,"loc":{"start":{"line":143,"column":43},"end":{"line":143,"column":67}}},"6":{"name":"(anonymous_6)","line":161,"loc":{"start":{"line":161,"column":43},"end":{"line":161,"column":75}}},"7":{"name":"(anonymous_7)","line":172,"loc":{"start":{"line":172,"column":35},"end":{"line":172,"column":45}}},"8":{"name":"(anonymous_8)","line":183,"loc":{"start":{"line":183,"column":50},"end":{"line":183,"column":63}}},"9":{"name":"(anonymous_9)","line":201,"loc":{"start":{"line":201,"column":50},"end":{"line":201,"column":60}}},"10":{"name":"(anonymous_10)","line":211,"loc":{"start":{"line":211,"column":52},"end":{"line":211,"column":65}}},"11":{"name":"(anonymous_11)","line":229,"loc":{"start":{"line":229,"column":52},"end":{"line":229,"column":62}}},"12":{"name":"(anonymous_12)","line":240,"loc":{"start":{"line":240,"column":30},"end":{"line":240,"column":45}}},"13":{"name":"(anonymous_13)","line":253,"loc":{"start":{"line":253,"column":45},"end":{"line":253,"column":58}}},"14":{"name":"(anonymous_14)","line":285,"loc":{"start":{"line":285,"column":45},"end":{"line":285,"column":55}}},"15":{"name":"(anonymous_15)","line":295,"loc":{"start":{"line":295,"column":53},"end":{"line":295,"column":66}}},"16":{"name":"(anonymous_16)","line":310,"loc":{"start":{"line":310,"column":53},"end":{"line":310,"column":63}}},"17":{"name":"(anonymous_17)","line":320,"loc":{"start":{"line":320,"column":50},"end":{"line":320,"column":63}}},"18":{"name":"(anonymous_18)","line":346,"loc":{"start":{"line":346,"column":50},"end":{"line":346,"column":60}}},"19":{"name":"(anonymous_19)","line":360,"loc":{"start":{"line":360,"column":38},"end":{"line":360,"column":61}}}},"statementMap":{"1":{"start":{"line":13,"column":0},"end":{"line":17,"column":33}},"2":{"start":{"line":19,"column":0},"end":{"line":19,"column":45}},"3":{"start":{"line":21,"column":0},"end":{"line":21,"column":36}},"4":{"start":{"line":27,"column":0},"end":{"line":27,"column":53}},"5":{"start":{"line":33,"column":0},"end":{"line":33,"column":15}},"6":{"start":{"line":39,"column":0},"end":{"line":39,"column":84}},"7":{"start":{"line":49,"column":0},"end":{"line":95,"column":2}},"8":{"start":{"line":50,"column":2},"end":{"line":50,"column":17}},"9":{"start":{"line":54,"column":2},"end":{"line":60,"column":3}},"10":{"start":{"line":55,"column":4},"end":{"line":55,"column":35}},"11":{"start":{"line":59,"column":4},"end":{"line":59,"column":11}},"12":{"start":{"line":63,"column":2},"end":{"line":63,"column":36}},"13":{"start":{"line":63,"column":18},"end":{"line":63,"column":36}},"14":{"start":{"line":66,"column":2},"end":{"line":66,"column":45}},"15":{"start":{"line":70,"column":2},"end":{"line":83,"column":3}},"16":{"start":{"line":72,"column":6},"end":{"line":72,"column":24}},"17":{"start":{"line":73,"column":6},"end":{"line":73,"column":12}},"18":{"start":{"line":75,"column":6},"end":{"line":75,"column":23}},"19":{"start":{"line":76,"column":6},"end":{"line":76,"column":12}},"20":{"start":{"line":78,"column":6},"end":{"line":78,"column":32}},"21":{"start":{"line":79,"column":6},"end":{"line":79,"column":12}},"22":{"start":{"line":81,"column":6},"end":{"line":81,"column":32}},"23":{"start":{"line":82,"column":6},"end":{"line":82,"column":12}},"24":{"start":{"line":86,"column":2},"end":{"line":92,"column":4}},"25":{"start":{"line":94,"column":2},"end":{"line":94,"column":27}},"26":{"start":{"line":103,"column":0},"end":{"line":106,"column":3}},"27":{"start":{"line":104,"column":2},"end":{"line":104,"column":32}},"28":{"start":{"line":105,"column":2},"
[...]
gister `font` for usage."," *"," * @param {Font} font"," * @api public"," */","","Context2d.prototype.addFont = function(font) {","  this._fonts = this._fonts || {};","  if (this._fonts[font.name]) return;","  this._fonts[font.name] = font;","};","","/**"," * Set font."," *"," * @see exports.parseFont()"," * @api public"," */","","Context2d.prototype.__defineSetter__('font', function(val){","  if (!val) return;","  if ('string' == typeof val) {","    var font;","    if (font = parseFont(val)) {","      this.lastFontString = val;","","      var fonts = this._fonts;","      if (fonts && fonts[font.family]) {","        var fontObj = fonts[font.family];","        var type = font.weight + '-' + font.style;","","        var fontFace = fontObj.getFace(type);","        this._setFontFace(fontFace, font.size);","      } else {","        this._setFont(","            font.weight","          , font.style","          , font.size","          , font.unit","          , font.family);","      }","    }","  }","});","","/**"," * Get the current font."," *"," * @api public"," */","","Context2d.prototype.__defineGetter__('font', function(){","  return this.lastFontString || '10px sans-serif';","});","","/**"," * Set text baseline."," *"," * @api public"," */","","Context2d.prototype.__defineSetter__('textBaseline', function(val){","  if (!val) return;","  var n = baselines.indexOf(val);","  if (~n) {","    this.lastBaseline = val;","    this._setTextBaseline(n);","  }","});","","/**"," * Get the current baseline setting."," *"," * @api public"," */","","Context2d.prototype.__defineGetter__('textBaseline', function(){","  return this.lastBaseline || 'alphabetic';","});","","/**"," * Set text alignment."," *"," * @api public"," */","","Context2d.prototype.__defineSetter__('textAlign', function(val){","  switch (val) {","    case 'center':","      this._setTextAlignment(0);","      this.lastTextAlignment = val;","      break;","    case 'left':","    case 'start':","      this._setTextAlignment(-1);","      this.lastTextAlignment = val;","      break;","    case 'right':","    case 'end':","      this._setTextAlignment(1);","      this.lastTextAlignment = val;","      break;","  }","});","","/**"," * Get the current font."," *"," * @see exports.parseFont()"," * @api public"," */","","Context2d.prototype.__defineGetter__('textAlign', function(){","  return this.lastTextAlignment || 'start';","});","","/**"," * Create `ImageData` with the given dimensions or"," * `ImageData` instance for dimensions."," *"," * @param {Number|ImageData} width"," * @param {Number} height"," * @return {ImageData}"," * @api public"," */","","Context2d.prototype.createImageData = function(width, height){","  if ('ImageData' == width.constructor.name) {","    height = width.height;","    width = width.width;","  }","  return new ImageData(new Uint8ClampedArray(width * height * 4), width, height);","};",""],"l":{"13":2,"19":0,"21":0,"27":0,"33":0,"39":0,"49":0,"50":0,"54":0,"55":0,"59":0,"63":0,"66":0,"70":0,"72":0,"73":0,"75":0,"76":0,"78":0,"79":0,"81":0,"82":0,"86":0,"94":0,"103":0,"104":0,"105":0,"114":0,"115":0,"127":0,"129":0,"143":0,"144":0,"161":0,"162":0,"172":0,"173":0,"174":0,"183":0,"184":0,"185":0,"187":0,"188":0,"189":0,"190":0,"201":0,"202":0,"211":0,"212":0,"213":0,"215":0,"216":0,"217":0,"218":0,"229":0,"230":0,"240":0,"241":0,"242":0,"243":0,"253":0,"254":0,"255":0,"256":0,"257":0,"258":0,"260":0,"261":0,"262":0,"263":0,"265":0,"266":0,"268":0,"285":0,"286":0,"295":0,"296":0,"297":0,"298":0,"299":0,"300":0,"310":0,"311":0,"320":0,"321":0,"323":0,"324":0,"325":0,"328":0,"329":0,"330":0,"333":0,"334":0,"335":0,"346":0,"347":0,"360":0,"361":0,"362":0,"363":0,"365":0}},"/home/travis/build/npmtest/node-npmtest-canvas/node_modules/canvas/lib/image.js":{"path":"/home/travis/build/npmtest/node-npmtest-canvas/node_modules/canvas/lib/image.js","s":{"1":2,"2":0,"3":0,"4":0,"5":0,"6":0,"7":0,"8":0,"9":0,"10":0},"b":{"1":[0,0],"2":[0,0],"3":[0,0],"4":[0,0],"5":[0,0]},"f":{"1":0,"2":0,"3":0},"fnMap":{"1":{"name":"(anonymous_1)","line":25,"loc":{"start":{"line":25,"column":40},"end":{"line":25,"column":53}}},"2":{"name":"(anonymous_2)","line":42,"loc":{"start":{"line":42,"column":40},"end":{"line":42,"column":50}}},"3":{"name":"(anonymous_3)","line":55,"loc":{"start":{"line":55,"column":26},"end":{"line":55,"column":36}}}},"statementMap":{"1":{"start":{"line":13,"column":0},"end":{"line":14,"column":25}},"2":{"start":{"line":25,"column":0},"end":{"line":32,"column":3}},"3":{"start":{"line":26,"column":2},"end":{"line":31,"column":3}},"4":{"start":{"line":27,"column":4},"end":{"line":27,"column":42}},"5":{"start":{"line":28,"column":4},"end":{"line":28,"column":44}},"6":{"start":{"line":30,"column":4},"end":{"line":30,"column":22}},"7":{"start":{"line":42,"column":0},"end":{"line":44,"column":3}},"8":{"start":{"line":43,"column":2},"end":{"line":43,"column":21}},"9":{"start":{"line":55,"column":0},"end":{"line":61,"column":2}},"10":{"start":{"line":56,"column":2},"end":{"line":60,"column":10}}},"branchMap":{"1":{"line":26,"type":"if","locations":[{"start":{"line":26,"column":2},"end":{"line":26,"column":2}},{"start":{"line":26,"column":2},"end":{"line":26,"column":2}}]},"2":{"line":26,"type":"binary-expr","locations":[{"start":{"line":26,"column":6},"end":{"line":26,"column":28}},{"start":{"line":26,"column":32},"end":{"line":26,"column":57}}]},"3":{"line":57,"type":"cond-expr","locations":[{"start":{"line":57,"column":23},"end":{"line":57,"column":59}},{"start":{"line":57,"column":62},"end":{"line":57,"column":64}}]},"4":{"line":58,"type":"cond-expr","locations":[{"start":{"line":58,"column":18},"end":{"line":58,"column":32}},{"start":{"line":58,"column":35},"end":{"line":58,"column":37}}]},"5":{"line":59,"type":"cond-expr","locations":[{"start":{"line":59,"column":23},"end":{"line":59,"column":34}},{"start":{"line":59,"column":37},"end":{"line":59,"column":39}}]}},"code":["'use strict';","","/*!"," * Canvas - Image"," * Copyright (c) 2010 LearnBoost <tj@learnboost.com>"," * MIT Licensed"," */","","/**"," * Module dependencies."," */","","var Canvas = require('./bindings')","  , Image = Canvas.Image;","","/**"," * Src setter."," *"," *  - convert data uri to `Buffer`"," *"," * @param {String|Buffer} val filename, buffer, data uri"," * @api public"," */","","Image.prototype.__defineSetter__('src', function(val){","  if ('string' == typeof val && 0 == val.indexOf('data:')) {","    val = val.slice(val.indexOf(',') + 1);","    this.source = new Buffer(val, 'base64');","  } else {","    this.source = val;","  }","});","","/**"," * Src getter."," *"," * TODO: return buffer"," *"," * @api public"," */","","Image.prototype.__defineGetter__('src', function(){","  return this.source;","});","","/**"," * Inspect image."," *"," * TODO: indicate that the .src was a buffer, data uri etc"," *"," * @return {String}"," * @api public"," */","","Image.prototype.inspect = function(){","  return '[Image'","    + (this.complete ? ':' + this.width + 'x' + this.height : '')","    + (this.src ? ' ' + this.src : '')","    + (this.complete ? ' complete' : '')","    + ']';","};",""],"l":{"13":2,"25":0,"26":0,"27":0,"28":0,"30":0,"42":0,"43":0,"55":0,"56":0}},"/home/travis/build/npmtest/node-npmtest-canvas/node_modules/canvas/lib/jpegstream.js":{"path":"/home/travis/build/npmtest/node-npmtest-canvas/node_modules/canvas/lib/jpegstream.js","s":{"1":1,"2":1,"3":0,"4":0,"5":0,"6":0,"7":0,"8":0,"9":0,"10":0,"11":0,"12":0,"13":0,"14":0,"15":0,"16":0,"17":0,"18":0,"19":1},"b":{"1":[0,0],"2":[0,0],"3":[0,0],"4":[0,0]},"f":{"1":0,"2":0,"3":0},"fnMap":{"1":{"name":"JPEGStream","line":32,"loc":{"start":{"line":32,"column":34},"end":{"line":32,"column":77}}},"2":{"name":"(anonymous_2)","line":43,"loc":{"start":{"line":43,"column":19},"end":{"line":43,"column":29}}},"3":{"name":"(anonymous_3)","line":44,"loc":{"start":{"line":44,"column":74},"end":{"line":44,"column":94}}}},"statementMap":{"1":{"start":{"line":13,"column":0},"end":{"line":13,"column":38}},"2":{"start":{"line":32,"column":0},"end":{"line":56,"column":2}},"3":{"start":{"line":33,"column":2},"end":{"line":36,"column":21}},"4":{"start":{"line":37,"column":2},"end":{"line":37,"column":25}},"5":{"start":{"line":38,"column":2},"end":{"line":38,"column":19}},"6":{"start":{"line":39,"column":2},"end":{"line":39,"column":23}},"7":{"start":{"line":40,"column":2},"end":{"line":40,"column":23}},"8":{"start":{"line":42,"column":2},"end":{"line":42,"column":56}},"9":{"start":{"line":42,"column":30},"end":{"line":42,"column":56}},"10":{"start":{"line":43,"column":2},"end":{"line":55,"column":5}},"11":{"start":{"line":44,"column":4},"end":{"line":54,"column":7}},"12":{"start":{"line":45,"column":6},"end":{"line":53,"column":7}},"13":{"start":{"line":46,"column":8},"end":{"line":46,"column":32}},"14":{"start":{"line":47,"column":8},"end":{"line":47,"column":30}},"15":{"start":{"line":48,"column":13},"end":{"line":53,"column":7}},"16":{"start":{"line":49,"column":8},"end":{"line":49,"column":33}},"17":{"start":{"line":51,"column":8},"end":{"line":51,"column":25}},"18":{"start":{"line":52,"column":8},"end":{"line":52,"column":30}},"19":{"start":{"line":62,"column":0},"end":{"line":62,"column":50}}},"branchMap":{"1":{"line":34,"type":"cond-expr","locations":[{"start":{"line":35,"column":8},"end":{"line":35,"column":24}},{"start":{"line":36,"column":8},"end":{"line":36,"column":20}}]},"2":{"line":42,"type":"if","locations":[{"start":{"line":42,"column":2},"end":{"line":42,"column":2}},{"start":{"line":42,"column":2},"end":{"line":42,"column":2}}]},"3":{"line":45,"type":"if","locations":[{"start":{"line":45,"column":6},"end":{"line":45,"column":6}},{"start":{"line":45,"column":6},"end":{"line":45,"column":6}}]},"4":{"line":48,"type":"if","locations":[{"start":{"line":48,"column":13},"end":{"line":48,"column":13}},{"start":{"line":48,"column":13},"end":{"line":48,"column":13}}]}},"code":["'use strict';","","/*!"," * Canvas - JPEGStream"," * Copyright (c) 2010 LearnBoost <tj@learnboost.com>"," * MIT Licensed"," */","","/**"," * Module dependencies."," */","","var Stream = require('stream').Stream;","","/**"," * Initialize a `JPEGStream` with the given `canvas`."," *"," * \"data\" events are emitted with `Buffer` chunks, once complete the"," * \"end\" event is emitted. The following example will stream to a file"," * named \"./my.jpeg\"."," *"," *     var out = fs.createWriteStream(__dirname + '/my.jpeg')"," *       , stream = canvas.createJPEGStream();"," *"," *     stream.pipe(out);"," *"," * @param {Canvas} canvas"," * @param {Boolean} sync"," * @api public"," */","","var JPEGStream = module.exports = function JPEGStream(canvas, options, sync) {","  var self = this","    , method = sync","      ? 'streamJPEGSync'","      : 'streamJPEG';","  this.options = options;","  this.sync = sync;","  this.canvas = canvas;","  this.readable = true;","  // TODO: implement async","  if ('streamJPEG' == method) method = 'streamJPEGSync';","  process.nextTick(function(){","    canvas[method](options.bufsize, options.quality, options.progressive, function(err, chunk){","      if (err) {","        self.emit('error', err);","        self.readable = false;","      } else if (chunk) {","        self.emit('data', chunk);","      } else {","        self.emit('end');","        self.readable = false;","      }","    });","  });","};","","/**"," * Inherit from `EventEmitter`."," */","","JPEGStream.prototype.__proto__ = Stream.prototype;",""],"l":{"13":1,"32":1,"33":0,"37":0,"38":0,"39":0,"40":0,"42":0,"43":0,"44":0,"45":0,"46":0,"47":0,"48":0,"49":0,"51":0,"52":0,"62":1}},"/home/travis/build/npmtest/node-npmtest-canvas/node_modules/canvas/lib/pdfstream.js":{"path":"/home/travis/build/npmtest/node-npmtest-canvas/node_modules/canvas/lib/pdfstream.js","s":{"1":1,"2":1,"3":0,"4":0,"5":0,"6":0,"7":0,"8":0,"9":0,"10":0,"11":0,"12":0,"13":0,"14":0,"15":0,"16":0,"17":0,"18":1},"b":{"1":[0,0],"2":[0,0],"3":[0,0],"4":[0,0]},"f":{"1":0,"2":0,"3":0},"fnMap":{"1":{"name":"PDFStream","line":30,"loc":{"start":{"line":30,"column":33},"end":{"line":30,"column":66}}},"2":{"name":"(anonymous_2)","line":40,"loc":{"start":{"line":40,"column":19},"end":{"line":40,"column":29}}},"3":{"name":"(anonymous_3)","line":41,"loc":{"start":{"line":41,"column":19},"end":{"line":41,"column":44}}}},"statementMap":{"1":{"start":{"line":11,"column":0},"end":{"line":11,"column":38}},"2":{"start":{"line":30,"column":0},"end":{"line":53,"column":2}},"3":{"start":{"line":31,"column":2},"end":{"line":34,"column":20}},"4":{"start":{"line":35,"column":2},"end":{"line":35,"column":19}},"5":{"start":{"line":36,"column":2},"end":{"line":36,"column":23}},"6":{"start":{"line":37,"column":2},"end":{"line":37,"column":23}},"7":{"start":{"line":39,"column":2},"end":{"line":39,"column":54}},"8":{"start":{"line":39,"column":29},"end":{"line":39,"column":54}},"9":{"start":{"line":40,"column":2},"end":{"line":52,"column":5}},"10":{"start":{"line":41,"column":4},"end":{"line":51,"column":7}},"11":{"start":{"line":42,"column":6},"end":{"line":50,"column":7}},"12":{"start":{"line":43,"column":8},"end":{"line":43,"column":32}},"13":{"start":{"line":44,"column":8},"end":{"line":44,"column":30}},"14":{"start":{"line":45,"column":13},"end":{"line":50,"column":7}},"15":{"start":{"line":46,"column":8},"end":{"line":46,"column":38}},"16":{"start":{"line":48,"column":8},"end":{"line":48,"column":25}},"17":{"start":{"line":49,"column":8},"end":{"line":49,"column":30}},"18":{"start":{"line":59,"column":0},"end":{"line":59,"column":49}}},"branchMap":{"1":{"line":32,"type":"cond-expr","locations":[{"start":{"line":33,"column":8},"end":{"line":33,"column":23}},{"start":{"line":34,"column":8},"end":{"line":34,"column":19}}]},"2":{"line":39,"type":"if","locations":[{"start":{"line":39,"column":2},"end":{"line":39,"column":2}},{"start":{"line":39,"column":2},"end":{"line":39,"column":2}}]},"3":{"line":42,"type":"if","locations":[{"start":{"line":42,"column":6},"end":{"line":42,"column":6}},{"start":{"line":42,"column":6},"end":{"line":42,"column":6}}]},"4":{"line":45,"type":"if","locations":[{"start":{"line":45,"column":13},"end":{"line":45,"column":13}},{"start":{"line":45,"column":13},"end":{"line":45,"column":13}}]}},"code":["'use strict';","","/*!"," * Canvas - PDFStream"," */","","/**"," * Module dependencies."," */","","var Stream = require('stream').Stream;","","/**"," * Initialize a `PDFStream` with the given `canvas`."," *"," * \"data\" events are emitted with `Buffer` chunks, once complete the"," * \"end\" event is emitted. The following example will stream to a file"," * named \"./my.pdf\"."," *"," *     var out = fs.createWriteStream(__dirname + '/my.pdf')"," *       , stream = canvas.createPDFStream();"," *"," *     stream.pipe(out);"," *"," * @param {Canvas} canvas"," * @param {Boolean} sync"," * @api public"," */","","var PDFStream = module.exports = function PDFStream(canvas, sync) {","  var self = this","    , method = sync","      ? 'streamPDFSync'","      : 'streamPDF';","  this.sync = sync;","  this.canvas = canvas;","  this.readable = true;","  // TODO: implement async","  if ('streamPDF' == method) method = 'streamPDFSync';","  process.nextTick(function(){","    canvas[method](function(err, chunk, len){","      if (err) {","        self.emit('error', err);","        self.readable = false;","      } else if (len) {","        self.emit('data', chunk, len);","      } else {","        self.emit('end');","        self.readable = false;","      }","    });","  });","};","","/**"," * Inherit from `EventEmitter`."," */","","PDFStream.prototype.__proto__ = Stream.prototype;",""],"l":{"11":1,"30":1,"31":0,"35":0,"36":0,"37":0,"39":0,"40":0,"41":0,"42":0,"43":0,"44":0,"45":0,"46":0,"48":0,"49":0,"59":1}},"/home/travis/build/npmtest/node-npmtest-canvas/node_modules/canvas/lib/pngstream.js":{"path":"/home/travis/build/npmtest/node-npmtest-canvas/node_modules/canvas/lib/pngstream.js","s":{"1":1,"2":1,"3":0,"4":0,"5":0,"6":0,"7":0,"8":0,"9":0,"10":0,"11":0,"12":0,"13":0,"14":0,"15":0,"16":0,"17":0,"18":1},"b":{"1":[0,0],"2":[0,0],"3":[0,0],"4":[0,0]},"f":{"1":0,"2":0,"3":0},"fnMap":{"1":{"name":"PNGStream","line":32,"loc":{"start":{"line":32,"column":33},"end":{"line":32,"column":66}}},"2":{"name":"(anonymous_2)","line":42,"loc":{"start":{"line":42,"column":19},"end":{"line":42,"column":29}}},"3":{"name":"(anonymous_3)","line":43,"loc":{"start":{"line":43,"column":19},"end":{"line":43,"column":44}}}},"statementMap":{"1":{"start":{"line":13,"column":0},"end":{"line":13,"column":38}},"2":{"start":{"line":32,"column":0},"end":{"line":55,"column":2}},"3":{"start":{"line":33,"column":2},"end":{"line":36,"column":20}},"4":{"start":{"line":37,"column":2},"end":{"line":37,"column":19}},"5":{"start":{"line":38,"column":2},"end":{"line":38,"column":23}},"6":{"start":{"line":39,"column":2},"end":{"line":39,"column":23}},"7":{"start":{"line":41,"column":2},"end":{"line":41,"column":54}},"8":{"start":{"line":41,"column":29},"end":{"line":41,"column":54}},"9":{"start":{"line":42,"column":2},"end":{"line":54,"column":5}},"10":{"start":{"line":43,"column":4},"end":{"line":53,"column":7}},"11":{"start":{"line":44,"column":6},"end":{"line":52,"column":7}},"12":{"start":{"line":45,"column":8},"end":{"line":45,"column":32}},"13":{"start":{"line":46,"column":8},"end":{"line":46,"column":30}},"14":{"start":{"line":47,"column":13},"end":{"line":52,"column":7}},"15":{"start":{"line":48,"column":8},"end":{"line":48,"column":38}},"16":{"start":{"line":50,"column":8},"end":{"line":50,"column":25}},"17":{"start":{"line":51,"column":8},"end":{"line":51,"column":30}},"18":{"start":{"line":61,"column":0},"end":{"line":61,"column":49}}},"branchMap":{"1":{"line":34,"type":"cond-expr","locations":[{"start":{"line":35,"column":8},"end":{"line":35,"column":23}},{"start":{"line":36,"column":8},"end":{"line":36,"column":19}}]},"2":{"line":41,"type":"if","locations":[{"start":{"line":41,"column":2},"end":{"line":41,"column":2}},{"start":{"line":41,"column":2},"end":{"line":41,"column":2}}]},"3":{"line":44,"type":"if","locations":[{"start":{"line":44,"column":6},"end":{"line":44,"column":6}},{"start":{"line":44,"column":6},"end":{"line":44,"column":6}}]},"4":{"line":47,"type":"if","locations":[{"start":{"line":47,"column":13},"end":{"line":47,"column":13}},{"start":{"line":47,"column":13},"end":{"line":47,"column":13}}]}},"code":["'use strict';","","/*!"," * Canvas - PNGStream"," * Copyright (c) 2010 LearnBoost <tj@learnboost.com>"," * MIT Licensed"," */","","/**"," * Module dependencies."," */","","var Stream = require('stream').Stream;","","/**"," * Initialize a `PNGStream` with the given `canvas`."," *"," * \"data\" events are emitted with `Buffer` chunks, once complete the"," * \"end\" event is emitted. The following example will stream to a file"," * named \"./my.png\"."," *"," *     var out = fs.createWriteStream(__dirname + '/my.png')"," *       , stream = canvas.createPNGStream();"," *"," *     stream.pipe(out);"," *"," * @param {Canvas} canvas"," * @param {Boolean} sync"," * @api public"," */","","var PNGStream = module.exports = function PNGStream(canvas, sync) {","  var self = this","    , method = sync","      ? 'streamPNGSync'","      : 'streamPNG';","  this.sync = sync;","  this.canvas = canvas;","  this.readable = true;","  // TODO: implement async","  if ('streamPNG' == method) method = 'streamPNGSync';","  process.nextTick(function(){","    canvas[method](function(err, chunk, len){","      if (err) {","        self.emit('error', err);","        self.readable = false;","      } else if (len) {","        self.emit('data', chunk, len);","      } else {","        self.emit('end');","        self.readable = false;","      }","    });","  });","};","","/**"," * Inherit from `EventEmitter`."," */","","PNGStream.prototype.__proto__ = Stream.prototype;",""],"l":{"13":1,"32":1,"33":0,"37":0,"38":0,"39":0,"41":0,"42":0,"43":0,"44":0,"45":0,"46":0,"47":0,"48":0,"50":0,"51":0,"61":1}}}